#
# There is insufficient memory for the Java Runtime Environment to continue.
# Native memory allocation (malloc) failed to allocate 1048576 bytes for AllocateHeap
# Possible reasons:
#   The system is out of physical RAM or swap space
#   The process is running with CompressedOops enabled, and the Java Heap may be blocking the growth of the native heap
# Possible solutions:
#   Reduce memory load on the system
#   Increase physical memory or swap space
#   Check if swap backing store is full
#   Decrease Java heap size (-Xmx/-Xms)
#   Decrease number of Java threads
#   Decrease Java thread stack sizes (-Xss)
#   Set larger code cache with -XX:ReservedCodeCacheSize=
#   JVM is running with Zero Based Compressed Oops mode in which the Java heap is
#     placed in the first 32GB address space. The Java Heap base address is the
#     maximum limit for the native heap growth. Please use -XX:HeapBaseMinAddress
#     to set the Java Heap base and to place the Java Heap above 32GB virtual address.
# This output file may be truncated or incomplete.
#
#  Out of Memory Error (memory/allocation.inline.hpp:61), pid=4016, tid=0x0000000000005854
#
# JRE version:  (8.0_301-b09) (build )
# Java VM: Java HotSpot(TM) 64-Bit Server VM (25.301-b09 mixed mode windows-amd64 compressed oops)
# Failed to write core dump. Minidumps are not enabled by default on client versions of Windows
#

---------------  T H R E A D  ---------------

Current thread (0x0000020e9adef800):  JavaThread "Unknown thread" [_thread_in_vm, id=22612, stack(0x000000603d900000,0x000000603da00000)]

Stack: [0x000000603d900000,0x000000603da00000]
Native frames: (J=compiled Java code, j=interpreted, Vv=VM code, C=native code)
V  [jvm.dll+0x32ed79]
V  [jvm.dll+0x275722]
V  [jvm.dll+0x2763cd]
V  [jvm.dll+0x26ce05]
V  [jvm.dll+0x509d]
V  [jvm.dll+0x3c964d]
V  [jvm.dll+0x3ca3ca]
V  [jvm.dll+0x3c6367]
V  [jvm.dll+0xfcdcf]
V  [jvm.dll+0x20a0bb]
V  [jvm.dll+0x238ae7]
V  [jvm.dll+0x162876]
C  [java.exe+0x2312]
C  [java.exe+0x15f54]
C  [KERNEL32.DLL+0x17614]
C  [ntdll.dll+0x526a1]


---------------  P R O C E S S  ---------------

Java Threads: ( => current thread )

Other Threads:

=>0x0000020e9adef800 (exited) JavaThread "Unknown thread" [_thread_in_vm, id=22612, stack(0x000000603d900000,0x000000603da00000)]

VM state:not at safepoint (normal execution)

VM Mutex/Monitor currently owned by a thread: None

heap address: 0x00000006c3600000, size: 4042 MB, Compressed Oops mode: Zero based, Oop shift amount: 3
Narrow klass base: 0x0000000000000000, Narrow klass shift: 3
Compressed class space size: 1073741824 Address: 0x00000007c0000000

Heap:
 PSYoungGen      total 75776K, used 1300K [0x000000076bd00000, 0x0000000771180000, 0x00000007c0000000)
  eden space 65024K, 2% used [0x000000076bd00000,0x000000076be451f8,0x000000076fc80000)
  from space 10752K, 0% used [0x0000000770700000,0x0000000770700000,0x0000000771180000)
  to   space 10752K, 0% used [0x000000076fc80000,0x000000076fc80000,0x0000000770700000)
 ParOldGen       total 173568K, used 0K [0x00000006c3600000, 0x00000006cdf80000, 0x000000076bd00000)
  object space 173568K, 0% used [0x00000006c3600000,0x00000006c3600000,0x00000006cdf80000)
 Metaspace       used 778K, capacity 4480K, committed 4480K, reserved 1056768K
  class space    used 76K, capacity 384K, committed 384K, reserved 1048576K

Card table byte_map: [0x0000020eabc10000,0x0000020eac400000] byte_map_base: 0x0000020ea85f5000

Marking Bits: (ParMarkBitMap*) 0x00000000606e7fe0
 Begin Bits: [0x0000020eac950000, 0x0000020eb0878000)
 End Bits:   [0x0000020eb0878000, 0x0000020eb47a0000)

Polling page: 0x0000020e9b010000

CodeCache: size=245760Kb used=328Kb max_used=328Kb free=245431Kb
 bounds [0x0000020e9c850000, 0x0000020e9cac0000, 0x0000020eab850000]
 total_blobs=58 nmethods=0 adapters=38
 compilation: enabled

Compilation events (0 events):
No events

GC Heap History (0 events):
No events

Deoptimization events (0 events):
No events

Classes redefined (0 events):
No events

Internal exceptions (0 events):
No events

Events (10 events):
Event: 0.023 loading class java/lang/Short
Event: 0.023 loading class java/lang/Short done
Event: 0.023 loading class java/lang/Integer
Event: 0.023 loading class java/lang/Integer done
Event: 0.023 loading class java/lang/Long
Event: 0.023 loading class java/lang/Long done
Event: 0.024 loading class java/lang/NullPointerException
Event: 0.024 loading class java/lang/NullPointerException done
Event: 0.024 loading class java/lang/ArithmeticException
Event: 0.024 loading class java/lang/ArithmeticException done


Dynamic libraries:
0x00007ff75a8f0000 - 0x00007ff75a937000 	D:\SoftWare\jdk8\bin\java.exe
0x00007ffaa2dd0000 - 0x00007ffaa2fc8000 	C:\Windows\SYSTEM32\ntdll.dll
0x00007ffaa1210000 - 0x00007ffaa12cf000 	C:\Windows\System32\KERNEL32.DLL
0x00007ffaa0620000 - 0x00007ffaa08f2000 	C:\Windows\System32\KERNELBASE.dll
0x00007ffaa2ce0000 - 0x00007ffaa2d8e000 	C:\Windows\System32\ADVAPI32.dll
0x00007ffaa1a00000 - 0x00007ffaa1a9e000 	C:\Windows\System32\msvcrt.dll
0x00007ffaa1ad0000 - 0x00007ffaa1b6c000 	C:\Windows\System32\sechost.dll
0x00007ffaa18d0000 - 0x00007ffaa19f5000 	C:\Windows\System32\RPCRT4.dll
0x00007ffaa2540000 - 0x00007ffaa26e1000 	C:\Windows\System32\USER32.dll
0x00007ffaa0a10000 - 0x00007ffaa0a32000 	C:\Windows\System32\win32u.dll
0x00007ffaa1aa0000 - 0x00007ffaa1acb000 	C:\Windows\System32\GDI32.dll
0x00007ffaa0900000 - 0x00007ffaa0a0f000 	C:\Windows\System32\gdi32full.dll
0x00007ffaa0bb0000 - 0x00007ffaa0c4d000 	C:\Windows\System32\msvcp_win.dll
0x00007ffaa0c80000 - 0x00007ffaa0d80000 	C:\Windows\System32\ucrtbase.dll
0x00007ffa87ed0000 - 0x00007ffa8816a000 	C:\Windows\WinSxS\amd64_microsoft.windows.common-controls_6595b64144ccf1df_6.0.19041.1110_none_60b5254171f9507e\COMCTL32.dll
0x00007ffaa17a0000 - 0x00007ffaa17d2000 	C:\Windows\System32\IMM32.DLL
0x00007ffa6b900000 - 0x00007ffa6b915000 	D:\SoftWare\jdk8\jre\bin\vcruntime140.dll
0x00007ffa65710000 - 0x00007ffa657ab000 	D:\SoftWare\jdk8\jre\bin\msvcp140.dll
0x000000005ff00000 - 0x0000000060760000 	D:\SoftWare\jdk8\jre\bin\server\jvm.dll
0x00007ffaa2530000 - 0x00007ffaa2538000 	C:\Windows\System32\PSAPI.DLL
0x00007ffa97cc0000 - 0x00007ffa97cca000 	C:\Windows\SYSTEM32\VERSION.dll
0x00007ffa88170000 - 0x00007ffa88197000 	C:\Windows\SYSTEM32\WINMM.dll
0x00007ffa73b10000 - 0x00007ffa73b19000 	C:\Windows\SYSTEM32\WSOCK32.dll
0x00007ffaa2b10000 - 0x00007ffaa2b7b000 	C:\Windows\System32\WS2_32.dll
0x00007ffa9ecd0000 - 0x00007ffa9ece2000 	C:\Windows\SYSTEM32\kernel.appcore.dll
0x00007ffa77ef0000 - 0x00007ffa77f00000 	D:\SoftWare\jdk8\jre\bin\verify.dll
0x00007ffa6b280000 - 0x00007ffa6b2ab000 	D:\SoftWare\jdk8\jre\bin\java.dll
0x00007ffa73d00000 - 0x00007ffa73d30000 	D:\SoftWare\jdk8\jre\bin\instrument.dll
0x00007ffa6b830000 - 0x00007ffa6b848000 	D:\SoftWare\jdk8\jre\bin\zip.dll
0x00007ffa9eac0000 - 0x00007ffa9eca4000 	C:\Windows\SYSTEM32\dbghelp.dll
0x00007ffaa0d80000 - 0x00007ffaa0e02000 	C:\Windows\System32\bcryptPrimitives.dll

VM Arguments:
jvm_args: -Dvisualvm.id=99990864575100 -javaagent:C:\Program Files\JetBrains\IntelliJ IDEA 2022.3\lib\idea_rt.jar=56480:C:\Program Files\JetBrains\IntelliJ IDEA 2022.3\bin -Dfile.encoding=UTF-8 
java_command: com.java.sjq.base.createClass.Main
java_class_path (initial): D:\SoftWare\jdk8\jre\lib\charsets.jar;D:\SoftWare\jdk8\jre\lib\deploy.jar;D:\SoftWare\jdk8\jre\lib\ext\access-bridge-64.jar;D:\SoftWare\jdk8\jre\lib\ext\cldrdata.jar;D:\SoftWare\jdk8\jre\lib\ext\dnsns.jar;D:\SoftWare\jdk8\jre\lib\ext\jaccess.jar;D:\SoftWare\jdk8\jre\lib\ext\jfxrt.jar;D:\SoftWare\jdk8\jre\lib\ext\localedata.jar;D:\SoftWare\jdk8\jre\lib\ext\nashorn.jar;D:\SoftWare\jdk8\jre\lib\ext\sunec.jar;D:\SoftWare\jdk8\jre\lib\ext\sunjce_provider.jar;D:\SoftWare\jdk8\jre\lib\ext\sunmscapi.jar;D:\SoftWare\jdk8\jre\lib\ext\sunpkcs11.jar;D:\SoftWare\jdk8\jre\lib\ext\zipfs.jar;D:\SoftWare\jdk8\jre\lib\javaws.jar;D:\SoftWare\jdk8\jre\lib\jce.jar;D:\SoftWare\jdk8\jre\lib\jfr.jar;D:\SoftWare\jdk8\jre\lib\jfxswt.jar;D:\SoftWare\jdk8\jre\lib\jsse.jar;D:\SoftWare\jdk8\jre\lib\management-agent.jar;D:\SoftWare\jdk8\jre\lib\plugin.jar;D:\SoftWare\jdk8\jre\lib\resources.jar;D:\SoftWare\jdk8\jre\lib\rt.jar;C:\Users\sunupo\IdeaProjects\JavaStudy\target\classes;C:\Users\sunupo\.m2\repository\junit\junit\4.11\junit-4.11.jar;C:\Users\sunupo\.m2\repository\org\hamcrest\hamcrest-core\1.3\hamcrest-core-1.3.jar;C:\Users\sunupo\.m2\repository\ch\qos\logback\logback-classic\1.1.1\logback-classic-1.1.1.jar;C:\Users\sunupo\.m2\repository\ch\qos\logback\logback-core\1.1.1\logback-core-1.1.1.jar;C:\Users\sunupo\.m2\repository\org\slf4j\slf4j-api\1.7.6\slf4j-api-1.7.6.jar;C:\Users\sunupo\.m2\repository\mysql\mysql-connector-java\8.0.28\mysql-connector-java-8.0.28.jar;C:\Users\sunupo\.m2\repository\com\google\protobuf\protobuf-java\3.11.4\protobuf-java-3.11.4.jar;C:\Users\sunupo\.m2\repository\c3p0\c3p0\0.9.1.2\c3p0-0.9.1.2.jar;C:\Users\sunupo\.m2\repository\org\mybatis\mybatis\3.3.0\mybatis-3.3.0.jar;C:\Users\sunupo\.m2\repository\org\mybatis\mybatis-spring\1.2.3\mybatis-spring-1.2.3.jar;C:\Users\sunupo\.m2\repository\taglibs\standard\1.1.2\standard-1.1.2.jar;C:\Users\sunupo\.m2\repository\jstl\jstl\1.2\jstl-1.2.jar;C:\Users\sunupo\.m2\repository\com\fasterxml\jac
Launcher Type: SUN_STANDARD

Environment Variables:
PATH=D:\SoftWare\VMware\VMwareWorkstation\bin\;C:\Program Files (x86)\Common Files\Oracle\Java\javapath;D:\SoftWare\xftp\;C:\Windows\system32;C:\Windows;C:\Windows\System32\Wbem;C:\Windows\System32\WindowsPowerShell\v1.0\;C:\Windows\System32\OpenSSH\;D:\SoftWare\Git\cmd;D:\SoftWare\xshell\Xftp 7\;D:\SoftWare\xshell\;D:\SoftWare\mingw64\bin;C:\Program Files\MySQL\MySQL Shell 8.0\bin\;C:\Users\sunupo\AppData\Local\Microsoft\WindowsApps;;D:\SoftWare\PyCharm\bin;;D:\SoftWare\Bandizip\;D:\SoftWare\texlive\2020\bin\win32;D:\SOftWare\JetBrains\CLion 2021.2.1\bin;;C:\Program Files\JetBrains\IntelliJ IDEA 2022.3\bin;
USERNAME=sunupo
OS=Windows_NT
PROCESSOR_IDENTIFIER=Intel64 Family 6 Model 140 Stepping 1, GenuineIntel



---------------  S Y S T E M  ---------------

OS: Windows 10.0 , 64 bit Build 19041 (10.0.19041.2364)

CPU:total 8 (initial active 8) (4 cores per cpu, 2 threads per core) family 6 model 140 stepping 1, cmov, cx8, fxsr, mmx, sse, sse2, sse3, ssse3, sse4.1, sse4.2, popcnt, avx, avx2, aes, clmul, erms, 3dnowpref, lzcnt, ht, tsc, tscinvbit, bmi1, bmi2, adx

Memory: 4k page, physical 16555320k(3766580k free), swap 20749624k(5460k free)

vm_info: Java HotSpot(TM) 64-Bit Server VM (25.301-b09) for windows-amd64 JRE (1.8.0_301-b09), built on Jun  9 2021 06:46:21 by "java_re" with MS VC++ 15.9 (VS2017)

time: Tue Jan 17 14:17:18 2023
timezone: 中国标准时间
elapsed time: 0.045498 seconds (0d 0h 0m 0s)

