#
# There is insufficient memory for the Java Runtime Environment to continue.
# Native memory allocation (malloc) failed to allocate 354816 bytes for Chunk::new
# Possible reasons:
#   The system is out of physical RAM or swap space
#   The process is running with CompressedOops enabled, and the Java Heap may be blocking the growth of the native heap
# Possible solutions:
#   Reduce memory load on the system
#   Increase physical memory or swap space
#   Check if swap backing store is full
#   Decrease Java heap size (-Xmx/-Xms)
#   Decrease number of Java threads
#   Decrease Java thread stack sizes (-Xss)
#   Set larger code cache with -XX:ReservedCodeCacheSize=
#   JVM is running with Zero Based Compressed Oops mode in which the Java heap is
#     placed in the first 32GB address space. The Java Heap base address is the
#     maximum limit for the native heap growth. Please use -XX:HeapBaseMinAddress
#     to set the Java Heap base and to place the Java Heap above 32GB virtual address.
# This output file may be truncated or incomplete.
#
#  Out of Memory Error (allocation.cpp:389), pid=19232, tid=0x0000000000006b1c
#
# JRE version: Java(TM) SE Runtime Environment (8.0_301-b09) (build 1.8.0_301-b09)
# Java VM: Java HotSpot(TM) 64-Bit Server VM (25.301-b09 mixed mode windows-amd64 compressed oops)
# Failed to write core dump. Minidumps are not enabled by default on client versions of Windows
#

---------------  T H R E A D  ---------------

Current thread (0x0000021f22149800):  JavaThread "C2 CompilerThread2" daemon [_thread_in_native, id=27420, stack(0x00000079ead00000,0x00000079eae00000)]

Stack: [0x00000079ead00000,0x00000079eae00000]
Native frames: (J=compiled Java code, j=interpreted, Vv=VM code, C=native code)
V  [jvm.dll+0x32ed79]
V  [jvm.dll+0x275722]
V  [jvm.dll+0x2763cd]
V  [jvm.dll+0x26ce05]
V  [jvm.dll+0xd551c]
V  [jvm.dll+0xd5d1c]
V  [jvm.dll+0x452c72]
V  [jvm.dll+0x48dcdd]
V  [jvm.dll+0x442c71]
V  [jvm.dll+0x43fee4]
V  [jvm.dll+0x42ae57]
V  [jvm.dll+0xac1bb]
V  [jvm.dll+0xaa81b]
V  [jvm.dll+0x23ddc2]
V  [vcruntime140.dll+0x2923dc]
C  [ucrtbase.dll+0x21bb2]
C  [KERNEL32.DLL+0x174b4]
C  [ntdll.dll+0x526a1]


Current CompileTask:
C2:    405  416   !   4       sun.misc.URLClassPath$JarLoader::getResource (85 bytes)


---------------  P R O C E S S  ---------------

Java Threads: ( => current thread )
  0x0000021f221f3000 JavaThread "Service Thread" daemon [_thread_blocked, id=30460, stack(0x00000079eaf00000,0x00000079eb000000)]
  0x0000021f2214a800 JavaThread "C1 CompilerThread3" daemon [_thread_blocked, id=17332, stack(0x00000079eae00000,0x00000079eaf00000)]
=>0x0000021f22149800 JavaThread "C2 CompilerThread2" daemon [_thread_in_native, id=27420, stack(0x00000079ead00000,0x00000079eae00000)]
  0x0000021f2213a800 JavaThread "C2 CompilerThread1" daemon [_thread_blocked, id=30628, stack(0x00000079eac00000,0x00000079ead00000)]
  0x0000021f22138000 JavaThread "C2 CompilerThread0" daemon [_thread_blocked, id=30652, stack(0x00000079eab00000,0x00000079eac00000)]
  0x0000021f22134000 JavaThread "Monitor Ctrl-Break" daemon [_thread_in_native, id=4588, stack(0x00000079eaa00000,0x00000079eab00000)]
  0x0000021f20144800 JavaThread "Attach Listener" daemon [_thread_blocked, id=28996, stack(0x00000079ea900000,0x00000079eaa00000)]
  0x0000021f2012c800 JavaThread "Signal Dispatcher" daemon [_thread_blocked, id=25644, stack(0x00000079ea800000,0x00000079ea900000)]
  0x0000021f20115800 JavaThread "Finalizer" daemon [_thread_blocked, id=19360, stack(0x00000079ea700000,0x00000079ea800000)]
  0x0000021f2010d000 JavaThread "Reference Handler" daemon [_thread_blocked, id=26048, stack(0x00000079ea600000,0x00000079ea700000)]
  0x0000021f05655000 JavaThread "main" [_thread_in_native, id=11252, stack(0x00000079e9c00000,0x00000079e9d00000)]

Other Threads:
  0x0000021f200e2000 VMThread [stack: 0x00000079ea500000,0x00000079ea600000] [id=29076]
  0x0000021f2225a000 WatcherThread [stack: 0x00000079eb000000,0x00000079eb100000] [id=22096]

VM state:not at safepoint (normal execution)

VM Mutex/Monitor currently owned by a thread: None

heap address: 0x00000006c3600000, size: 4042 MB, Compressed Oops mode: Zero based, Oop shift amount: 3
Narrow klass base: 0x0000000000000000, Narrow klass shift: 3
Compressed class space size: 1073741824 Address: 0x00000007c0000000

Heap:
 PSYoungGen      total 75776K, used 20896K [0x000000076bd00000, 0x0000000771180000, 0x00000007c0000000)
  eden space 65024K, 32% used [0x000000076bd00000,0x000000076d168350,0x000000076fc80000)
  from space 10752K, 0% used [0x0000000770700000,0x0000000770700000,0x0000000771180000)
  to   space 10752K, 0% used [0x000000076fc80000,0x000000076fc80000,0x0000000770700000)
 ParOldGen       total 173568K, used 0K [0x00000006c3600000, 0x00000006cdf80000, 0x000000076bd00000)
  object space 173568K, 0% used [0x00000006c3600000,0x00000006c3600000,0x00000006cdf80000)
 Metaspace       used 7535K, capacity 7676K, committed 7936K, reserved 1056768K
  class space    used 924K, capacity 980K, committed 1024K, reserved 1048576K

Card table byte_map: [0x0000021f162e0000,0x0000021f16ad0000] byte_map_base: 0x0000021f12cc5000

Marking Bits: (ParMarkBitMap*) 0x0000000062017fe0
 Begin Bits: [0x0000021f17020000, 0x0000021f1af48000)
 End Bits:   [0x0000021f1af48000, 0x0000021f1ee70000)

Polling page: 0x0000021f05740000

CodeCache: size=245760Kb used=2294Kb max_used=2304Kb free=243465Kb
 bounds [0x0000021f06f20000, 0x0000021f07190000, 0x0000021f15f20000]
 total_blobs=741 nmethods=443 adapters=211
 compilation: enabled

Compilation events (10 events):
Event: 0.371 Thread 0x0000021f2214a800  421       3       java.lang.Package::isSealed (13 bytes)
Event: 0.371 Thread 0x0000021f2214a800 nmethod 421 0x0000021f07134dd0 code [0x0000021f07134f20, 0x0000021f071350d8]
Event: 0.371 Thread 0x0000021f2214a800  422       3       java.net.URLClassLoader::isSealed (70 bytes)
Event: 0.372 Thread 0x0000021f2214a800 nmethod 422 0x0000021f0714ad50 code [0x0000021f0714af80, 0x0000021f0714bbb0]
Event: 0.372 Thread 0x0000021f2214a800  423       3       java.lang.ClassLoader::compareCerts (149 bytes)
Event: 0.372 Thread 0x0000021f2214a800 nmethod 423 0x0000021f0714c110 code [0x0000021f0714c2e0, 0x0000021f0714cba0]
Event: 0.373 Thread 0x0000021f2213a800  424       4       sun.net.www.ParseUtil::encodePath (336 bytes)
Event: 0.373 Thread 0x0000021f2214a800  425   !   3       java.util.zip.ZipFile$ZipFileInputStream::read (131 bytes)
Event: 0.374 Thread 0x0000021f2214a800 nmethod 425 0x0000021f0714ce90 code [0x0000021f0714d060, 0x0000021f0714d910]
Event: 0.379 Thread 0x0000021f22138000  428   !   4       java.util.zip.ZipFile::getEntry (101 bytes)

GC Heap History (0 events):
No events

Deoptimization events (1 events):
Event: 0.310 Thread 0x0000021f05655000 Uncommon trap: reason=unstable_if action=reinterpret pc=0x0000021f070bc124 method=sun.misc.MetaIndex.mayContain(Ljava/lang/String;)Z @ 38

Classes redefined (0 events):
No events

Internal exceptions (10 events):
Event: 0.347 Thread 0x0000021f05655000 Exception <a 'java/lang/ClassNotFoundException': ch/qos/logback/core/encoder/LayoutWrappingEncoderCustomizer> (0x000000076ccd3128) thrown at [C:\jenkins\workspace\8-2-build-windows-amd64-cygwin\jdk8u301\1513\hotspot\src\share\vm\classfile\systemDictionary
Event: 0.347 Thread 0x0000021f05655000 Exception <a 'java/lang/ArrayIndexOutOfBoundsException'> (0x000000076ccd6af8) thrown at [C:\jenkins\workspace\8-2-build-windows-amd64-cygwin\jdk8u301\1513\hotspot\src\share\vm\runtime\sharedRuntime.cpp, line 609]
Event: 0.347 Thread 0x0000021f05655000 Exception <a 'java/lang/ArrayIndexOutOfBoundsException'> (0x000000076ccdae28) thrown at [C:\jenkins\workspace\8-2-build-windows-amd64-cygwin\jdk8u301\1513\hotspot\src\share\vm\runtime\sharedRuntime.cpp, line 609]
Event: 0.347 Thread 0x0000021f05655000 Exception <a 'java/lang/ArrayIndexOutOfBoundsException'> (0x000000076ccdcd70) thrown at [C:\jenkins\workspace\8-2-build-windows-amd64-cygwin\jdk8u301\1513\hotspot\src\share\vm\runtime\sharedRuntime.cpp, line 609]
Event: 0.347 Thread 0x0000021f05655000 Exception <a 'java/lang/ArrayIndexOutOfBoundsException'> (0x000000076ccde030) thrown at [C:\jenkins\workspace\8-2-build-windows-amd64-cygwin\jdk8u301\1513\hotspot\src\share\vm\runtime\sharedRuntime.cpp, line 609]
Event: 0.348 Thread 0x0000021f05655000 Exception <a 'java/lang/ClassNotFoundException': ch/qos/logback/core/pattern/PatternLayoutEncoderBaseCustomizer> (0x000000076ccf6400) thrown at [C:\jenkins\workspace\8-2-build-windows-amd64-cygwin\jdk8u301\1513\hotspot\src\share\vm\classfile\systemDiction
Event: 0.349 Thread 0x0000021f05655000 Exception <a 'java/lang/ArrayIndexOutOfBoundsException'> (0x000000076ccf9d20) thrown at [C:\jenkins\workspace\8-2-build-windows-amd64-cygwin\jdk8u301\1513\hotspot\src\share\vm\runtime\sharedRuntime.cpp, line 609]
Event: 0.349 Thread 0x0000021f05655000 Exception <a 'java/lang/ArrayIndexOutOfBoundsException'> (0x000000076ccfb8f8) thrown at [C:\jenkins\workspace\8-2-build-windows-amd64-cygwin\jdk8u301\1513\hotspot\src\share\vm\runtime\sharedRuntime.cpp, line 609]
Event: 0.350 Thread 0x0000021f05655000 Exception <a 'java/lang/ClassNotFoundException': ch/qos/logback/classic/encoder/PatternLayoutEncoderCustomizer> (0x000000076cd18e10) thrown at [C:\jenkins\workspace\8-2-build-windows-amd64-cygwin\jdk8u301\1513\hotspot\src\share\vm\classfile\systemDictiona
Event: 0.350 Thread 0x0000021f05655000 Exception <a 'java/lang/ArrayIndexOutOfBoundsException'> (0x000000076cd1c140) thrown at [C:\jenkins\workspace\8-2-build-windows-amd64-cygwin\jdk8u301\1513\hotspot\src\share\vm\runtime\sharedRuntime.cpp, line 609]

Events (10 events):
Event: 0.378 loading class java/util/concurrent/ConcurrentHashMap$Traverser
Event: 0.378 loading class java/util/concurrent/ConcurrentHashMap$Traverser done
Event: 0.378 loading class java/util/concurrent/ConcurrentHashMap$BaseIterator done
Event: 0.378 loading class java/util/concurrent/ConcurrentHashMap$ValueIterator done
Event: 0.379 loading class ch/qos/logback/classic/util/LoggerNameUtil
Event: 0.379 loading class ch/qos/logback/classic/util/LoggerNameUtil done
Event: 0.379 loading class org/springframework/util/ObjectUtils
Event: 0.379 loading class org/springframework/util/ObjectUtils done
Event: 0.380 loading class org/springframework/core/io/support/PathMatchingResourcePatternResolver
Event: 0.380 loading class org/springframework/core/io/support/PathMatchingResourcePatternResolver done


Dynamic libraries:
0x00007ff729660000 - 0x00007ff7296a7000 	D:\SoftWare\jdk8\bin\java.exe
0x00007ff938d70000 - 0x00007ff938f68000 	C:\Windows\SYSTEM32\ntdll.dll
0x00007ff937020000 - 0x00007ff9370df000 	C:\Windows\System32\KERNEL32.DLL
0x00007ff936470000 - 0x00007ff936742000 	C:\Windows\System32\KERNELBASE.dll
0x00007ff938a70000 - 0x00007ff938b1e000 	C:\Windows\System32\ADVAPI32.dll
0x00007ff938560000 - 0x00007ff9385fe000 	C:\Windows\System32\msvcrt.dll
0x00007ff936f80000 - 0x00007ff93701c000 	C:\Windows\System32\sechost.dll
0x00007ff9379d0000 - 0x00007ff937af5000 	C:\Windows\System32\RPCRT4.dll
0x00007ff9370e0000 - 0x00007ff93727d000 	C:\Windows\System32\USER32.dll
0x00007ff9369c0000 - 0x00007ff9369e2000 	C:\Windows\System32\win32u.dll
0x00007ff938530000 - 0x00007ff93855b000 	C:\Windows\System32\GDI32.dll
0x00007ff936cb0000 - 0x00007ff936dbf000 	C:\Windows\System32\gdi32full.dll
0x00007ff9368b0000 - 0x00007ff93694d000 	C:\Windows\System32\msvcp_win.dll
0x00007ff936ad0000 - 0x00007ff936bd0000 	C:\Windows\System32\ucrtbase.dll
0x00007ff918d40000 - 0x00007ff918fda000 	C:\Windows\WinSxS\amd64_microsoft.windows.common-controls_6595b64144ccf1df_6.0.19041.1110_none_60b5254171f9507e\COMCTL32.dll
0x00007ff936dc0000 - 0x00007ff936df2000 	C:\Windows\System32\IMM32.DLL
0x00007ff931b90000 - 0x00007ff931ba5000 	D:\SoftWare\jdk8\jre\bin\vcruntime140.dll
0x00007ff920830000 - 0x00007ff9208cb000 	D:\SoftWare\jdk8\jre\bin\msvcp140.dll
0x0000000061830000 - 0x0000000062090000 	D:\SoftWare\jdk8\jre\bin\server\jvm.dll
0x00007ff9386f0000 - 0x00007ff9386f8000 	C:\Windows\System32\PSAPI.DLL
0x00007ff92c210000 - 0x00007ff92c21a000 	C:\Windows\SYSTEM32\VERSION.dll
0x00007ff91a350000 - 0x00007ff91a377000 	C:\Windows\SYSTEM32\WINMM.dll
0x00007ff919990000 - 0x00007ff919999000 	C:\Windows\SYSTEM32\WSOCK32.dll
0x00007ff938600000 - 0x00007ff93866b000 	C:\Windows\System32\WS2_32.dll
0x00007ff934cc0000 - 0x00007ff934cd2000 	C:\Windows\SYSTEM32\kernel.appcore.dll
0x00007ff932b00000 - 0x00007ff932b10000 	D:\SoftWare\jdk8\jre\bin\verify.dll
0x00007ff92d120000 - 0x00007ff92d14b000 	D:\SoftWare\jdk8\jre\bin\java.dll
0x00007ff90be40000 - 0x00007ff90be70000 	D:\SoftWare\jdk8\jre\bin\instrument.dll
0x00007ff92cd40000 - 0x00007ff92cd58000 	D:\SoftWare\jdk8\jre\bin\zip.dll
0x00007ff937280000 - 0x00007ff9379c3000 	C:\Windows\System32\SHELL32.dll
0x00007ff9340d0000 - 0x00007ff934862000 	C:\Windows\SYSTEM32\windows.storage.dll
0x00007ff937f70000 - 0x00007ff9382c4000 	C:\Windows\System32\combase.dll
0x00007ff935ed0000 - 0x00007ff935f00000 	C:\Windows\SYSTEM32\Wldp.dll
0x00007ff9382d0000 - 0x00007ff93837d000 	C:\Windows\System32\SHCORE.dll
0x00007ff938b80000 - 0x00007ff938bd5000 	C:\Windows\System32\shlwapi.dll
0x00007ff9363b0000 - 0x00007ff9363cf000 	C:\Windows\SYSTEM32\profapi.dll
0x00007ff906790000 - 0x00007ff9067aa000 	D:\SoftWare\IntelliJ IDEA 2021.2\bin\breakgen64.dll
0x00007ff92bfa0000 - 0x00007ff92bfbc000 	D:\SoftWare\jdk8\jre\bin\net.dll
0x00007ff935c30000 - 0x00007ff935c9a000 	C:\Windows\system32\mswsock.dll
0x00007ff912540000 - 0x00007ff91256f000 	C:\Program Files (x86)\Sangfor\SSL\ClientComponent\SangforNspX64.dll
0x00007ff938820000 - 0x00007ff93894a000 	C:\Windows\System32\ole32.dll
0x00007ff938be0000 - 0x00007ff938cad000 	C:\Windows\System32\OLEAUT32.dll
0x00007ff912520000 - 0x00007ff912537000 	C:\Windows\system32\napinsp.dll
0x00007ff912500000 - 0x00007ff91251b000 	C:\Windows\system32\pnrpnsp.dll
0x00007ff930630000 - 0x00007ff930645000 	C:\Windows\system32\wshbth.dll
0x00007ff930600000 - 0x00007ff93061d000 	C:\Windows\system32\NLAapi.dll
0x00007ff9358d0000 - 0x00007ff93590b000 	C:\Windows\SYSTEM32\IPHLPAPI.DLL
0x00007ff935910000 - 0x00007ff9359da000 	C:\Windows\SYSTEM32\DNSAPI.dll
0x00007ff936ee0000 - 0x00007ff936ee8000 	C:\Windows\System32\NSI.dll
0x00007ff9124e0000 - 0x00007ff9124f2000 	C:\Windows\System32\winrnr.dll
0x00007ff92bd20000 - 0x00007ff92bd2a000 	C:\Windows\System32\rasadhlp.dll
0x00007ff926e60000 - 0x00007ff926ee0000 	C:\Windows\System32\fwpuclnt.dll
0x00007ff9369f0000 - 0x00007ff936a17000 	C:\Windows\System32\bcrypt.dll
0x00007ff934ab0000 - 0x00007ff934c94000 	C:\Windows\SYSTEM32\dbghelp.dll
0x00007ff936bd0000 - 0x00007ff936c52000 	C:\Windows\System32\bcryptPrimitives.dll

VM Arguments:
jvm_args: -javaagent:D:\SoftWare\IntelliJ IDEA 2021.2\lib\idea_rt.jar=59444:D:\SoftWare\IntelliJ IDEA 2021.2\bin -Dfile.encoding=UTF-8 
java_command: com.w3cspring.annotationconfig.AutowireAnnotation.MainApp
java_class_path (initial): D:\SoftWare\jdk8\jre\lib\charsets.jar;D:\SoftWare\jdk8\jre\lib\deploy.jar;D:\SoftWare\jdk8\jre\lib\ext\access-bridge-64.jar;D:\SoftWare\jdk8\jre\lib\ext\cldrdata.jar;D:\SoftWare\jdk8\jre\lib\ext\dnsns.jar;D:\SoftWare\jdk8\jre\lib\ext\jaccess.jar;D:\SoftWare\jdk8\jre\lib\ext\jfxrt.jar;D:\SoftWare\jdk8\jre\lib\ext\localedata.jar;D:\SoftWare\jdk8\jre\lib\ext\nashorn.jar;D:\SoftWare\jdk8\jre\lib\ext\sunec.jar;D:\SoftWare\jdk8\jre\lib\ext\sunjce_provider.jar;D:\SoftWare\jdk8\jre\lib\ext\sunmscapi.jar;D:\SoftWare\jdk8\jre\lib\ext\sunpkcs11.jar;D:\SoftWare\jdk8\jre\lib\ext\zipfs.jar;D:\SoftWare\jdk8\jre\lib\javaws.jar;D:\SoftWare\jdk8\jre\lib\jce.jar;D:\SoftWare\jdk8\jre\lib\jfr.jar;D:\SoftWare\jdk8\jre\lib\jfxswt.jar;D:\SoftWare\jdk8\jre\lib\jsse.jar;D:\SoftWare\jdk8\jre\lib\management-agent.jar;D:\SoftWare\jdk8\jre\lib\plugin.jar;D:\SoftWare\jdk8\jre\lib\resources.jar;D:\SoftWare\jdk8\jre\lib\rt.jar;C:\Users\sunupo\IdeaProjects\JavaStudy\target\classes;C:\Users\sunupo\.m2\repository\junit\junit\4.11\junit-4.11.jar;C:\Users\sunupo\.m2\repository\org\hamcrest\hamcrest-core\1.3\hamcrest-core-1.3.jar;C:\Users\sunupo\.m2\repository\ch\qos\logback\logback-classic\1.1.1\logback-classic-1.1.1.jar;C:\Users\sunupo\.m2\repository\ch\qos\logback\logback-core\1.1.1\logback-core-1.1.1.jar;C:\Users\sunupo\.m2\repository\org\slf4j\slf4j-api\1.7.6\slf4j-api-1.7.6.jar;C:\Users\sunupo\.m2\repository\mysql\mysql-connector-java\8.0.28\mysql-connector-java-8.0.28.jar;C:\Users\sunupo\.m2\repository\com\google\protobuf\protobuf-java\3.11.4\protobuf-java-3.11.4.jar;C:\Users\sunupo\.m2\repository\c3p0\c3p0\0.9.1.2\c3p0-0.9.1.2.jar;C:\Users\sunupo\.m2\repository\org\mybatis\mybatis\3.3.0\mybatis-3.3.0.jar;C:\Users\sunupo\.m2\repository\org\mybatis\mybatis-spring\1.2.3\mybatis-spring-1.2.3.jar;C:\Users\sunupo\.m2\repository\taglibs\standard\1.1.2\standard-1.1.2.jar;C:\Users\sunupo\.m2\repository\jstl\jstl\1.2\jstl-1.2.jar;C:\Users\sunupo\.m2\repository\com\fasterxml\jac
Launcher Type: SUN_STANDARD

Environment Variables:
PATH=D:\SoftWare\VMware\VMwareWorkstation\bin\;C:\Program Files (x86)\Common Files\Oracle\Java\javapath;D:\SoftWare\xftp\;C:\Program Files\NVIDIA GPU Computing Toolkit\CUDA\v10.0\bin;C:\Program Files\NVIDIA GPU Computing Toolkit\CUDA\v10.0\libnvvp;C:\Program Files\NVIDIA GPU Computing Toolkit\CUDA\v11.1\bin;C:\Program Files\NVIDIA GPU Computing Toolkit\CUDA\v11.1\libnvvp;C:\Windows\system32;C:\Windows;C:\Windows\System32\Wbem;C:\Windows\System32\WindowsPowerShell\v1.0\;C:\Windows\System32\OpenSSH\;C:\Program Files (x86)\NVIDIA Corporation\PhysX\Common;C:\Program Files\NVIDIA Corporation\NVIDIA NvDLISR;D:\SoftWare\Git\cmd;D:\SoftWare\xshell\Xftp 7\;D:\SoftWare\xshell\;D:\SoftWare\mingw64\bin;C:\Program Files\MySQL\MySQL Shell 8.0\bin\;C:\Users\sunupo\AppData\Local\Microsoft\WindowsApps;;D:\SoftWare\PyCharm\bin;;D:\SoftWare\Bandizip\;D:\SoftWare\texlive\2020\bin\win32;D:\SOftWare\JetBrains\CLion 2021.2.1\bin;
USERNAME=sunupo
OS=Windows_NT
PROCESSOR_IDENTIFIER=Intel64 Family 6 Model 140 Stepping 1, GenuineIntel



---------------  S Y S T E M  ---------------

OS: Windows 10.0 , 64 bit Build 19041 (10.0.19041.2251)

CPU:total 8 (initial active 8) (4 cores per cpu, 2 threads per core) family 6 model 140 stepping 1, cmov, cx8, fxsr, mmx, sse, sse2, sse3, ssse3, sse4.1, sse4.2, popcnt, avx, avx2, aes, clmul, erms, 3dnowpref, lzcnt, ht, tsc, tscinvbit, bmi1, bmi2, adx

Memory: 4k page, physical 16555320k(5441048k free), swap 20749624k(3320k free)

vm_info: Java HotSpot(TM) 64-Bit Server VM (25.301-b09) for windows-amd64 JRE (1.8.0_301-b09), built on Jun  9 2021 06:46:21 by "java_re" with MS VC++ 15.9 (VS2017)

time: Sat Nov 26 09:42:45 2022
timezone: 中国标准时间
elapsed time: 0.410113 seconds (0d 0h 0m 0s)

