#
# There is insufficient memory for the Java Runtime Environment to continue.
# Native memory allocation (malloc) failed to allocate 32744 bytes for ChunkPool::allocate
# Possible reasons:
#   The system is out of physical RAM or swap space
#   The process is running with CompressedOops enabled, and the Java Heap may be blocking the growth of the native heap
# Possible solutions:
#   Reduce memory load on the system
#   Increase physical memory or swap space
#   Check if swap backing store is full
#   Decrease Java heap size (-Xmx/-Xms)
#   Decrease number of Java threads
#   Decrease Java thread stack sizes (-Xss)
#   Set larger code cache with -XX:ReservedCodeCacheSize=
#   JVM is running with Zero Based Compressed Oops mode in which the Java heap is
#     placed in the first 32GB address space. The Java Heap base address is the
#     maximum limit for the native heap growth. Please use -XX:HeapBaseMinAddress
#     to set the Java Heap base and to place the Java Heap above 32GB virtual address.
# This output file may be truncated or incomplete.
#
#  Out of Memory Error (allocation.cpp:272), pid=21844, tid=0x0000000000003ce4
#
# JRE version: Java(TM) SE Runtime Environment (8.0_301-b09) (build 1.8.0_301-b09)
# Java VM: Java HotSpot(TM) 64-Bit Server VM (25.301-b09 mixed mode windows-amd64 compressed oops)
# Failed to write core dump. Minidumps are not enabled by default on client versions of Windows
#

---------------  T H R E A D  ---------------

Current thread (0x00000264124df000):  JavaThread "C1 CompilerThread3" daemon [_thread_in_native, id=15588, stack(0x000000abcbb00000,0x000000abcbc00000)]

Stack: [0x000000abcbb00000,0x000000abcbc00000]
Native frames: (J=compiled Java code, j=interpreted, Vv=VM code, C=native code)
V  [jvm.dll+0x32ed79]


Current CompileTask:
C1:    238   30       3       java.io.WinNTFileSystem::normalize (231 bytes)


---------------  P R O C E S S  ---------------

Java Threads: ( => current thread )
  0x000002641256e000 JavaThread "Service Thread" daemon [_thread_blocked, id=22292, stack(0x000000abcbc00000,0x000000abcbd00000)]
=>0x00000264124df000 JavaThread "C1 CompilerThread3" daemon [_thread_in_native, id=15588, stack(0x000000abcbb00000,0x000000abcbc00000)]
  0x00000264124d3800 JavaThread "C2 CompilerThread2" daemon [_thread_blocked, id=22740, stack(0x000000abcba00000,0x000000abcbb00000)]
  0x00000264124d1800 JavaThread "C2 CompilerThread1" daemon [_thread_blocked, id=14884, stack(0x000000abcb900000,0x000000abcba00000)]
  0x00000264124cf000 JavaThread "C2 CompilerThread0" daemon [_thread_blocked, id=20316, stack(0x000000abcb800000,0x000000abcb900000)]
  0x00000264124cd000 JavaThread "Monitor Ctrl-Break" daemon [_thread_blocked, id=1852, stack(0x000000abcb700000,0x000000abcb800000)]
  0x00000264103c5800 JavaThread "Attach Listener" daemon [_thread_blocked, id=13200, stack(0x000000abcb600000,0x000000abcb700000)]
  0x0000026410370000 JavaThread "Signal Dispatcher" daemon [_thread_blocked, id=14152, stack(0x000000abcb500000,0x000000abcb600000)]
  0x000002647551b000 JavaThread "Finalizer" daemon [_thread_blocked, id=6080, stack(0x000000abcb400000,0x000000abcb500000)]
  0x000002647550a800 JavaThread "Reference Handler" daemon [_thread_blocked, id=8772, stack(0x000000abcb300000,0x000000abcb400000)]

Other Threads:
  0x0000026410322800 VMThread [stack: 0x000000abcb200000,0x000000abcb300000] [id=1912]

VM state:at safepoint (normal execution)

VM Mutex/Monitor currently owned by a thread:  ([mutex/lock_event])
[0x000002647546b240] Threads_lock - owner thread: 0x0000026410322800
[0x000002647546ce50] Heap_lock - owner thread: 0x000002647546f000

OutOfMemory and StackOverflow Exception counts:
OutOfMemoryError java_heap_errors=2

heap address: 0x00000006c3600000, size: 4042 MB, Compressed Oops mode: Zero based, Oop shift amount: 3
Narrow klass base: 0x0000000000000000, Narrow klass shift: 3
Compressed class space size: 1073741824 Address: 0x00000007c0000000

Heap:
 PSYoungGen      total 75776K, used 6518K [0x000000076bd00000, 0x0000000771180000, 0x00000007c0000000)
  eden space 65024K, 10% used [0x000000076bd00000,0x000000076c35dbf0,0x000000076fc80000)
  from space 10752K, 0% used [0x0000000770700000,0x0000000770700000,0x0000000771180000)
  to   space 10752K, 0% used [0x000000076fc80000,0x000000076fc80000,0x0000000770700000)
 ParOldGen       total 173568K, used 0K [0x00000006c3600000, 0x00000006cdf80000, 0x000000076bd00000)
  object space 173568K, 0% used [0x00000006c3600000,0x00000006c3600000,0x00000006cdf80000)
 Metaspace       used 3359K, capacity 4496K, committed 4864K, reserved 1056768K
  class space    used 364K, capacity 388K, committed 512K, reserved 1048576K

Card table byte_map: [0x0000026477200000,0x00000264779f0000] byte_map_base: 0x0000026473be5000

Marking Bits: (ParMarkBitMap*) 0x000000006e3f7fe0
 Begin Bits: [0x0000026477f40000, 0x000002647be68000)
 End Bits:   [0x000002647be68000, 0x000002647fd90000)

Polling page: 0x0000026475570000

CodeCache: size=245760Kb used=1122Kb max_used=1133Kb free=244637Kb
 bounds [0x0000026400000000, 0x0000026400270000, 0x000002640f000000]
 total_blobs=288 nmethods=30 adapters=172
 compilation: enabled

Compilation events (10 events):
Event: 0.228 Thread 0x00000264124d3800    4       4       sun.misc.ASCIICaseInsensitiveComparator::isUpper (18 bytes)
Event: 0.228 Thread 0x00000264124d3800 nmethod 4 0x0000026400115110 code [0x0000026400115240, 0x0000026400115298]
Event: 0.230 Thread 0x00000264124cf000 nmethod 31% 0x0000026400114850 code [0x00000264001149a0, 0x0000026400114b98]
Event: 0.232 Thread 0x00000264124d3800   48       4       java.lang.String::indexOf (70 bytes)
Event: 0.233 Thread 0x00000264124cf000   49       4       java.lang.Character::toLowerCase (9 bytes)
Event: 0.233 Thread 0x00000264124d1800 nmethod 28 0x0000026400118f10 code [0x0000026400119060, 0x0000026400119608]
Event: 0.233 Thread 0x00000264124d1800   50       4       java.lang.CharacterDataLatin1::toLowerCase (39 bytes)
Event: 0.234 Thread 0x00000264124cf000 nmethod 49 0x0000026400119ad0 code [0x0000026400119c00, 0x0000026400119cb8]
Event: 0.234 Thread 0x00000264124d1800 nmethod 50 0x00000264001166d0 code [0x0000026400116800, 0x00000264001168d8]
Event: 0.234 Thread 0x00000264124d3800 nmethod 48 0x0000026400116290 code [0x00000264001163e0, 0x00000264001165d8]

GC Heap History (0 events):
No events

Deoptimization events (0 events):
No events

Classes redefined (0 events):
No events

Internal exceptions (4 events):
Event: 0.030 Thread 0x000002647546f000 Exception <a 'java/lang/NoSuchMethodError': Method sun.misc.Unsafe.defineClass(Ljava/lang/String;[BII)Ljava/lang/Class; name or signature does not match> (0x000000076bd07cc0) thrown at [C:\jenkins\workspace\8-2-build-windows-amd64-cygwin\jdk8u301\1513\hot
Event: 0.030 Thread 0x000002647546f000 Exception <a 'java/lang/NoSuchMethodError': Method sun.misc.Unsafe.prefetchRead(Ljava/lang/Object;J)V name or signature does not match> (0x000000076bd07fa8) thrown at [C:\jenkins\workspace\8-2-build-windows-amd64-cygwin\jdk8u301\1513\hotspot\src\share\vm\
Event: 0.232 Thread 0x000002647546f000 Exception <a 'java/lang/OutOfMemoryError'> (0x000000076c013b40) thrown at [C:\jenkins\workspace\8-2-build-windows-amd64-cygwin\jdk8u301\1513\hotspot\src\share\vm\prims\jni.cpp, line 737]
Event: 0.232 Thread 0x000002647546f000 Exception <a 'java/lang/OutOfMemoryError'> (0x000000076c013b40) thrown at [C:\jenkins\workspace\8-2-build-windows-amd64-cygwin\jdk8u301\1513\hotspot\src\share\vm\prims\jvm.cpp, line 1527]

Events (10 events):
Event: 0.235 Thread 0x000002647546f000 Thread added: 0x000002647546f000
Event: 0.235 loading class java/lang/Shutdown
Event: 0.235 loading class java/net/Socket$2
Event: 0.235 loading class java/lang/Shutdown done
Event: 0.235 loading class java/lang/Shutdown$Lock
Event: 0.235 loading class java/net/Socket$2 done
Event: 0.235 loading class java/lang/Shutdown$Lock done
Event: 0.235 loading class java/net/SocketInputStream
Event: 0.235 loading class java/net/SocketInputStream done
Event: 0.235 Thread 0x000002647546f000 Thread exited: 0x000002647546f000


Dynamic libraries:
0x00007ff712b40000 - 0x00007ff712b87000 	D:\SoftWare\jdk8\bin\java.exe
0x00007ffb97630000 - 0x00007ffb97828000 	C:\Windows\SYSTEM32\ntdll.dll
0x00007ffb96ad0000 - 0x00007ffb96b8f000 	C:\Windows\System32\KERNEL32.DLL
0x00007ffb94d20000 - 0x00007ffb94ff2000 	C:\Windows\System32\KERNELBASE.dll
0x00007ffb97490000 - 0x00007ffb9753e000 	C:\Windows\System32\ADVAPI32.dll
0x00007ffb97540000 - 0x00007ffb975de000 	C:\Windows\System32\msvcrt.dll
0x00007ffb96cc0000 - 0x00007ffb96d5c000 	C:\Windows\System32\sechost.dll
0x00007ffb96b90000 - 0x00007ffb96cb5000 	C:\Windows\System32\RPCRT4.dll
0x00007ffb95880000 - 0x00007ffb95a21000 	C:\Windows\System32\USER32.dll
0x00007ffb95350000 - 0x00007ffb95372000 	C:\Windows\System32\win32u.dll
0x00007ffb96360000 - 0x00007ffb9638b000 	C:\Windows\System32\GDI32.dll
0x00007ffb951a0000 - 0x00007ffb952af000 	C:\Windows\System32\gdi32full.dll
0x00007ffb952b0000 - 0x00007ffb9534d000 	C:\Windows\System32\msvcp_win.dll
0x00007ffb95380000 - 0x00007ffb95480000 	C:\Windows\System32\ucrtbase.dll
0x00007ffb79800000 - 0x00007ffb79a9a000 	C:\Windows\WinSxS\amd64_microsoft.windows.common-controls_6595b64144ccf1df_6.0.19041.1110_none_60b5254171f9507e\COMCTL32.dll
0x00007ffb96710000 - 0x00007ffb96742000 	C:\Windows\System32\IMM32.DLL
0x00007ffb80f60000 - 0x00007ffb80f75000 	D:\SoftWare\jdk8\jre\bin\vcruntime140.dll
0x00007ffb69930000 - 0x00007ffb699cb000 	D:\SoftWare\jdk8\jre\bin\msvcp140.dll
0x000000006dc10000 - 0x000000006e470000 	D:\SoftWare\jdk8\jre\bin\server\jvm.dll
0x00007ffb96ab0000 - 0x00007ffb96ab8000 	C:\Windows\System32\PSAPI.DLL
0x00007ffb8a660000 - 0x00007ffb8a66a000 	C:\Windows\SYSTEM32\VERSION.dll
0x00007ffb85e00000 - 0x00007ffb85e27000 	C:\Windows\SYSTEM32\WINMM.dll
0x00007ffb90400000 - 0x00007ffb90409000 	C:\Windows\SYSTEM32\WSOCK32.dll
0x00007ffb966a0000 - 0x00007ffb9670b000 	C:\Windows\System32\WS2_32.dll
0x00007ffb93520000 - 0x00007ffb93532000 	C:\Windows\SYSTEM32\kernel.appcore.dll
0x00007ffb812e0000 - 0x00007ffb812f0000 	D:\SoftWare\jdk8\jre\bin\verify.dll
0x00007ffb80720000 - 0x00007ffb8074b000 	D:\SoftWare\jdk8\jre\bin\java.dll
0x00007ffb813b0000 - 0x00007ffb813e0000 	D:\SoftWare\jdk8\jre\bin\instrument.dll
0x00007ffb80580000 - 0x00007ffb80598000 	D:\SoftWare\jdk8\jre\bin\zip.dll
0x00007ffb95c10000 - 0x00007ffb96355000 	C:\Windows\System32\SHELL32.dll
0x00007ffb92d80000 - 0x00007ffb93512000 	C:\Windows\SYSTEM32\windows.storage.dll
0x00007ffb96750000 - 0x00007ffb96aa5000 	C:\Windows\System32\combase.dll
0x00007ffb94780000 - 0x00007ffb947b0000 	C:\Windows\SYSTEM32\Wldp.dll
0x00007ffb96f10000 - 0x00007ffb96fbd000 	C:\Windows\System32\SHCORE.dll
0x00007ffb95670000 - 0x00007ffb956c5000 	C:\Windows\System32\shlwapi.dll
0x00007ffb94c60000 - 0x00007ffb94c7f000 	C:\Windows\SYSTEM32\profapi.dll
0x00007ffb804f0000 - 0x00007ffb8050a000 	C:\Program Files\JetBrains\IntelliJ IDEA 2022.3\bin\breakgen64.dll
0x00007ffb73d10000 - 0x00007ffb73d2c000 	D:\SoftWare\jdk8\jre\bin\net.dll
0x00007ffb944e0000 - 0x00007ffb9454a000 	C:\Windows\system32\mswsock.dll

VM Arguments:
jvm_args: -Dvisualvm.id=21813912253100 -javaagent:C:\Program Files\JetBrains\IntelliJ IDEA 2022.3\lib\idea_rt.jar=52344:C:\Program Files\JetBrains\IntelliJ IDEA 2022.3\bin -Dfile.encoding=UTF-8 
java_command: com.java.sjq.messagequeue.rocketmq.SyncProducer
java_class_path (initial): D:\SoftWare\jdk8\jre\lib\charsets.jar;D:\SoftWare\jdk8\jre\lib\deploy.jar;D:\SoftWare\jdk8\jre\lib\ext\access-bridge-64.jar;D:\SoftWare\jdk8\jre\lib\ext\cldrdata.jar;D:\SoftWare\jdk8\jre\lib\ext\dnsns.jar;D:\SoftWare\jdk8\jre\lib\ext\jaccess.jar;D:\SoftWare\jdk8\jre\lib\ext\jfxrt.jar;D:\SoftWare\jdk8\jre\lib\ext\localedata.jar;D:\SoftWare\jdk8\jre\lib\ext\nashorn.jar;D:\SoftWare\jdk8\jre\lib\ext\sunec.jar;D:\SoftWare\jdk8\jre\lib\ext\sunjce_provider.jar;D:\SoftWare\jdk8\jre\lib\ext\sunmscapi.jar;D:\SoftWare\jdk8\jre\lib\ext\sunpkcs11.jar;D:\SoftWare\jdk8\jre\lib\ext\zipfs.jar;D:\SoftWare\jdk8\jre\lib\javaws.jar;D:\SoftWare\jdk8\jre\lib\jce.jar;D:\SoftWare\jdk8\jre\lib\jfr.jar;D:\SoftWare\jdk8\jre\lib\jfxswt.jar;D:\SoftWare\jdk8\jre\lib\jsse.jar;D:\SoftWare\jdk8\jre\lib\management-agent.jar;D:\SoftWare\jdk8\jre\lib\plugin.jar;D:\SoftWare\jdk8\jre\lib\resources.jar;D:\SoftWare\jdk8\jre\lib\rt.jar;C:\Users\sunupo\IdeaProjects\JavaStudy\target\classes;C:\Users\sunupo\IdeaProjects\JavaStudy\src\main\webapp\WEB-INF\lib\jstl-1.2.jar;C:\Users\sunupo\IdeaProjects\JavaStudy\src\main\webapp\WEB-INF\lib\junit-4.11.jar;C:\Users\sunupo\IdeaProjects\JavaStudy\src\main\webapp\WEB-INF\lib\jedis-2.7.3.jar;C:\Users\sunupo\IdeaProjects\JavaStudy\src\main\webapp\WEB-INF\lib\c3p0-0.9.1.2.jar;C:\Users\sunupo\IdeaProjects\JavaStudy\src\main\webapp\WEB-INF\lib\mybatis-3.3.0.jar;C:\Users\sunupo\IdeaProjects\JavaStudy\src\main\webapp\WEB-INF\lib\standard-1.1.2.jar;C:\Users\sunupo\IdeaProjects\JavaStudy\src\main\webapp\WEB-INF\lib\aopalliance-1.0.jar;C:\Users\sunupo\IdeaProjects\JavaStudy\src\main\webapp\WEB-INF\lib\slf4j-api-1.7.6.jar;C:\Users\sunupo\IdeaProjects\JavaStudy\src\main\webapp\WEB-INF\lib\commons-pool2-2.3.jar;C:\Users\sunupo\IdeaProjects\JavaStudy\src\main\webapp\WEB-INF\lib\hamcrest-core-1.3.jar;C:\Users\sunupo\IdeaProjects\JavaStudy\src\main\webapp\WEB-INF\lib\jackson-core-2.5.4.jar;C:\Users\sunupo\IdeaProjects\JavaStudy\src\main\webapp\WEB-INF\lib\
Launcher Type: SUN_STANDARD

Environment Variables:
JAVA_HOME=D:\SoftWare\jdk8
CLASSPATH=.;D:\SoftWare\jdk8\lib\dt.jar;D:\SoftWare\jdk8\lib\tools.jar; 
PATH=D:\SoftWare\VMware\VMwareWorkstation\bin\;C:\Program Files (x86)\Common Files\Oracle\Java\javapath;D:\SoftWare\xftp\;C:\Windows\system32;C:\Windows;C:\Windows\System32\Wbem;C:\Windows\System32\WindowsPowerShell\v1.0\;C:\Windows\System32\OpenSSH\;D:\SoftWare\Git\cmd;D:\SoftWare\xshell\Xftp 7\;D:\SoftWare\xshell\;D:\SoftWare\mingw64\bin;D:\SoftWare\jdk8\bin;"D:\SoftWare\jdk8\jre\bin;";D:\SoftWare\apache-jmeter-5.5\bin;D:\SoftWare\MongoDB\Server\6.0\bin;D:\SoftWare\MongoDB\mongosh-1.8.0-win32-x64\bin;D:\SoftWare\rocketmq\rocketmq-all-4.5.1-bin-release\bin;D:\SoftWare\Ruby\bin;C:\Program Files\MySQL\MySQL Shell 8.0\bin\;C:\Users\sunupo\AppData\Local\Microsoft\WindowsApps;D:\SoftWare\PyCharm\bin;;D:\SoftWare\Bandizip\;D:\SoftWare\texlive\2020\bin\win32;D:\SOftWare\JetBrains\CLion 2021.2.1\bin;;C:\Program Files\JetBrains\IntelliJ IDEA 2022.3\bin;;C:\Program Files\MySQL\MySQL Server 5.7\bin;D:\SoftWare\Anaconda3\condabin;"D:\SoftWare\jdk8\bin;D:\SoftWare\jdk8\jre\bin;"
USERNAME=sunupo
OS=Windows_NT
PROCESSOR_IDENTIFIER=Intel64 Family 6 Model 140 Stepping 1, GenuineIntel



---------------  S Y S T E M  ---------------

OS: Windows 10.0 , 64 bit Build 19041 (10.0.19041.2546)

CPU:total 8 (initial active 8) (4 cores per cpu, 2 threads per core) family 6 model 140 stepping 1, cmov, cx8, fxsr, mmx, sse, sse2, sse3, ssse3, sse4.1, sse4.2, popcnt, avx, avx2, aes, clmul, erms, 3dnowpref, lzcnt, ht, tsc, tscinvbit, bmi1, bmi2, adx

Memory: 4k page, physical 16555320k(4988984k free), swap 20749624k(4092k free)

vm_info: Java HotSpot(TM) 64-Bit Server VM (25.301-b09) for windows-amd64 JRE (1.8.0_301-b09), built on Jun  9 2021 06:46:21 by "java_re" with MS VC++ 15.9 (VS2017)

time: Sat Mar 11 17:33:58 2023
timezone: 中国标准时间
elapsed time: 0.242964 seconds (0d 0h 0m 0s)

