#
# There is insufficient memory for the Java Runtime Environment to continue.
# Native memory allocation (malloc) failed to allocate 32784 bytes for Chunk::new
# Possible reasons:
#   The system is out of physical RAM or swap space
#   The process is running with CompressedOops enabled, and the Java Heap may be blocking the growth of the native heap
# Possible solutions:
#   Reduce memory load on the system
#   Increase physical memory or swap space
#   Check if swap backing store is full
#   Decrease Java heap size (-Xmx/-Xms)
#   Decrease number of Java threads
#   Decrease Java thread stack sizes (-Xss)
#   Set larger code cache with -XX:ReservedCodeCacheSize=
#   JVM is running with Zero Based Compressed Oops mode in which the Java heap is
#     placed in the first 32GB address space. The Java Heap base address is the
#     maximum limit for the native heap growth. Please use -XX:HeapBaseMinAddress
#     to set the Java Heap base and to place the Java Heap above 32GB virtual address.
# This output file may be truncated or incomplete.
#
#  Out of Memory Error (allocation.cpp:389), pid=35020, tid=0x00000000000059ec
#
# JRE version: Java(TM) SE Runtime Environment (8.0_301-b09) (build 1.8.0_301-b09)
# Java VM: Java HotSpot(TM) 64-Bit Server VM (25.301-b09 mixed mode windows-amd64 compressed oops)
# Failed to write core dump. Minidumps are not enabled by default on client versions of Windows
#

---------------  T H R E A D  ---------------

Current thread (0x000001f155013000):  JavaThread "C2 CompilerThread2" daemon [_thread_in_native, id=23020, stack(0x0000009157b00000,0x0000009157c00000)]

Stack: [0x0000009157b00000,0x0000009157c00000]
Native frames: (J=compiled Java code, j=interpreted, Vv=VM code, C=native code)
V  [jvm.dll+0x32ed79]


Current CompileTask:
C2:    694  408   !   4       sun.misc.URLClassPath$JarLoader::getResource (85 bytes)


---------------  P R O C E S S  ---------------

Java Threads: ( => current thread )
  0x000001f1550ba000 JavaThread "Service Thread" daemon [_thread_blocked, id=31468, stack(0x0000009157d00000,0x0000009157e00000)]
  0x000001f15502a000 JavaThread "C1 CompilerThread3" daemon [_thread_blocked, id=34996, stack(0x0000009157c00000,0x0000009157d00000)]
=>0x000001f155013000 JavaThread "C2 CompilerThread2" daemon [_thread_in_native, id=23020, stack(0x0000009157b00000,0x0000009157c00000)]
  0x000001f15500f800 JavaThread "C2 CompilerThread1" daemon [_thread_in_native, id=2624, stack(0x0000009157a00000,0x0000009157b00000)]
  0x000001f155006800 JavaThread "C2 CompilerThread0" daemon [_thread_blocked, id=26636, stack(0x0000009157900000,0x0000009157a00000)]
  0x000001f155003000 JavaThread "Monitor Ctrl-Break" daemon [_thread_in_native, id=33728, stack(0x0000009157800000,0x0000009157900000)]
  0x000001f1530ec000 JavaThread "Attach Listener" daemon [_thread_blocked, id=32968, stack(0x0000009157700000,0x0000009157800000)]
  0x000001f153097800 JavaThread "Signal Dispatcher" daemon [_thread_blocked, id=34804, stack(0x0000009157600000,0x0000009157700000)]
  0x000001f153069800 JavaThread "Finalizer" daemon [_thread_blocked, id=30872, stack(0x0000009157500000,0x0000009157600000)]
  0x000001f15305d000 JavaThread "Reference Handler" daemon [_thread_blocked, id=35848, stack(0x0000009157400000,0x0000009157500000)]
  0x000001f138426000 JavaThread "main" [_thread_in_vm, id=2356, stack(0x0000009156a00000,0x0000009156b00000)]

Other Threads:
  0x000001f153032000 VMThread [stack: 0x0000009157300000,0x0000009157400000] [id=23724]
  0x000001f155163800 WatcherThread [stack: 0x0000009157e00000,0x0000009157f00000] [id=30084]

VM state:not at safepoint (normal execution)

VM Mutex/Monitor currently owned by a thread: None

heap address: 0x00000006c3600000, size: 4042 MB, Compressed Oops mode: Zero based, Oop shift amount: 3
Narrow klass base: 0x0000000000000000, Narrow klass shift: 3
Compressed class space size: 1073741824 Address: 0x00000007c0000000

Heap:
 PSYoungGen      total 75776K, used 19516K [0x000000076bd00000, 0x0000000771180000, 0x00000007c0000000)
  eden space 65024K, 30% used [0x000000076bd00000,0x000000076d00f310,0x000000076fc80000)
  from space 10752K, 0% used [0x0000000770700000,0x0000000770700000,0x0000000771180000)
  to   space 10752K, 0% used [0x000000076fc80000,0x000000076fc80000,0x0000000770700000)
 ParOldGen       total 173568K, used 0K [0x00000006c3600000, 0x00000006cdf80000, 0x000000076bd00000)
  object space 173568K, 0% used [0x00000006c3600000,0x00000006c3600000,0x00000006cdf80000)
 Metaspace       used 7150K, capacity 7340K, committed 7680K, reserved 1056768K
  class space    used 879K, capacity 916K, committed 1024K, reserved 1048576K

Card table byte_map: [0x000001f149280000,0x000001f149a70000] byte_map_base: 0x000001f145c65000

Marking Bits: (ParMarkBitMap*) 0x0000000065a87fe0
 Begin Bits: [0x000001f149fc0000, 0x000001f14dee8000)
 End Bits:   [0x000001f14dee8000, 0x000001f151e10000)

Polling page: 0x000001f138630000

CodeCache: size=245760Kb used=2216Kb max_used=2216Kb free=243543Kb
 bounds [0x000001f139ec0000, 0x000001f13a130000, 0x000001f148ec0000]
 total_blobs=711 nmethods=413 adapters=210
 compilation: enabled

Compilation events (10 events):
Event: 0.686 Thread 0x000001f155006800 nmethod 394 0x000001f13a0e7a90 code [0x000001f13a0e7d20, 0x000001f13a0e8ea0]
Event: 0.686 Thread 0x000001f15502a000  409       3       java.net.URLStreamHandler::toExternalForm (219 bytes)
Event: 0.688 Thread 0x000001f15502a000 nmethod 409 0x000001f13a0ea350 code [0x000001f13a0ea6c0, 0x000001f13a0edd70]
Event: 0.688 Thread 0x000001f15502a000  410       3       java.util.WeakHashMap::put (162 bytes)
Event: 0.689 Thread 0x000001f15502a000 nmethod 410 0x000001f13a0e6390 code [0x000001f13a0e65c0, 0x000001f13a0e7460]
Event: 0.689 Thread 0x000001f15502a000  411       3       java.util.WeakHashMap$Entry::<init> (24 bytes)
Event: 0.690 Thread 0x000001f15502a000 nmethod 411 0x000001f13a0e5d50 code [0x000001f13a0e5ec0, 0x000001f13a0e6218]
Event: 0.690 Thread 0x000001f15502a000  412       3       java.lang.Throwable::<init> (39 bytes)
Event: 0.690 Thread 0x000001f15500f800  413       4       sun.net.www.ParseUtil::encodePath (336 bytes)
Event: 0.690 Thread 0x000001f15502a000 nmethod 412 0x000001f13a0e57d0 code [0x000001f13a0e5940, 0x000001f13a0e5c70]

GC Heap History (0 events):
No events

Deoptimization events (1 events):
Event: 0.583 Thread 0x000001f138426000 Uncommon trap: reason=unstable_if action=reinterpret pc=0x000001f13a061aa4 method=sun.misc.MetaIndex.mayContain(Ljava/lang/String;)Z @ 38

Classes redefined (0 events):
No events

Internal exceptions (10 events):
Event: 0.654 Thread 0x000001f138426000 Exception <a 'java/lang/ClassNotFoundException': ch/qos/logback/core/encoder/LayoutWrappingEncoderCustomizer> (0x000000076ccee408) thrown at [C:\jenkins\workspace\8-2-build-windows-amd64-cygwin\jdk8u301\1513\hotspot\src\share\vm\classfile\systemDictionary
Event: 0.654 Thread 0x000001f138426000 Exception <a 'java/lang/ArrayIndexOutOfBoundsException'> (0x000000076ccf1dd8) thrown at [C:\jenkins\workspace\8-2-build-windows-amd64-cygwin\jdk8u301\1513\hotspot\src\share\vm\runtime\sharedRuntime.cpp, line 609]
Event: 0.654 Thread 0x000001f138426000 Exception <a 'java/lang/ArrayIndexOutOfBoundsException'> (0x000000076ccf55c0) thrown at [C:\jenkins\workspace\8-2-build-windows-amd64-cygwin\jdk8u301\1513\hotspot\src\share\vm\runtime\sharedRuntime.cpp, line 609]
Event: 0.654 Thread 0x000001f138426000 Exception <a 'java/lang/ArrayIndexOutOfBoundsException'> (0x000000076ccf7598) thrown at [C:\jenkins\workspace\8-2-build-windows-amd64-cygwin\jdk8u301\1513\hotspot\src\share\vm\runtime\sharedRuntime.cpp, line 609]
Event: 0.654 Thread 0x000001f138426000 Exception <a 'java/lang/ArrayIndexOutOfBoundsException'> (0x000000076ccf91f8) thrown at [C:\jenkins\workspace\8-2-build-windows-amd64-cygwin\jdk8u301\1513\hotspot\src\share\vm\runtime\sharedRuntime.cpp, line 609]
Event: 0.655 Thread 0x000001f138426000 Exception <a 'java/lang/ClassNotFoundException': ch/qos/logback/core/pattern/PatternLayoutEncoderBaseCustomizer> (0x000000076cd116e0) thrown at [C:\jenkins\workspace\8-2-build-windows-amd64-cygwin\jdk8u301\1513\hotspot\src\share\vm\classfile\systemDiction
Event: 0.656 Thread 0x000001f138426000 Exception <a 'java/lang/ArrayIndexOutOfBoundsException'> (0x000000076cd15000) thrown at [C:\jenkins\workspace\8-2-build-windows-amd64-cygwin\jdk8u301\1513\hotspot\src\share\vm\runtime\sharedRuntime.cpp, line 609]
Event: 0.656 Thread 0x000001f138426000 Exception <a 'java/lang/ArrayIndexOutOfBoundsException'> (0x000000076cd16658) thrown at [C:\jenkins\workspace\8-2-build-windows-amd64-cygwin\jdk8u301\1513\hotspot\src\share\vm\runtime\sharedRuntime.cpp, line 609]
Event: 0.658 Thread 0x000001f138426000 Exception <a 'java/lang/ClassNotFoundException': ch/qos/logback/classic/encoder/PatternLayoutEncoderCustomizer> (0x000000076cd340f0) thrown at [C:\jenkins\workspace\8-2-build-windows-amd64-cygwin\jdk8u301\1513\hotspot\src\share\vm\classfile\systemDictiona
Event: 0.658 Thread 0x000001f138426000 Exception <a 'java/lang/ArrayIndexOutOfBoundsException'> (0x000000076cd37420) thrown at [C:\jenkins\workspace\8-2-build-windows-amd64-cygwin\jdk8u301\1513\hotspot\src\share\vm\runtime\sharedRuntime.cpp, line 609]

Events (10 events):
Event: 0.687 loading class ch/qos/logback/core/pattern/color/BoldWhiteCompositeConverter
Event: 0.687 loading class ch/qos/logback/core/pattern/color/BoldWhiteCompositeConverter done
Event: 0.688 loading class ch/qos/logback/classic/pattern/color/HighlightingCompositeConverter
Event: 0.688 loading class ch/qos/logback/classic/pattern/color/HighlightingCompositeConverter done
Event: 0.688 loading class ch/qos/logback/classic/pattern/LocalSequenceNumberConverter
Event: 0.688 loading class ch/qos/logback/classic/pattern/LocalSequenceNumberConverter done
Event: 0.689 loading class ch/qos/logback/classic/pattern/EnsureExceptionHandling
Event: 0.689 loading class ch/qos/logback/classic/pattern/EnsureExceptionHandling done
Event: 0.690 loading class ch/qos/logback/core/pattern/util/RegularEscapeUtil
Event: 0.690 loading class ch/qos/logback/core/pattern/util/RegularEscapeUtil done


Dynamic libraries:
0x00007ff7aa190000 - 0x00007ff7aa1d7000 	D:\SoftWare\jdk8\bin\java.exe
0x00007ffbf3bf0000 - 0x00007ffbf3de8000 	C:\Windows\SYSTEM32\ntdll.dll
0x00007ffbf3790000 - 0x00007ffbf384f000 	C:\Windows\System32\KERNEL32.DLL
0x00007ffbf1850000 - 0x00007ffbf1b22000 	C:\Windows\System32\KERNELBASE.dll
0x00007ffbf2740000 - 0x00007ffbf27ee000 	C:\Windows\System32\ADVAPI32.dll
0x00007ffbf33e0000 - 0x00007ffbf347e000 	C:\Windows\System32\msvcrt.dll
0x00007ffbf2230000 - 0x00007ffbf22cc000 	C:\Windows\System32\sechost.dll
0x00007ffbf28c0000 - 0x00007ffbf29e5000 	C:\Windows\System32\RPCRT4.dll
0x00007ffbf22d0000 - 0x00007ffbf246d000 	C:\Windows\System32\USER32.dll
0x00007ffbf1620000 - 0x00007ffbf1642000 	C:\Windows\System32\win32u.dll
0x00007ffbf2480000 - 0x00007ffbf24ab000 	C:\Windows\System32\GDI32.dll
0x00007ffbf1b30000 - 0x00007ffbf1c3f000 	C:\Windows\System32\gdi32full.dll
0x00007ffbf1320000 - 0x00007ffbf13bd000 	C:\Windows\System32\msvcp_win.dll
0x00007ffbf13c0000 - 0x00007ffbf14c0000 	C:\Windows\System32\ucrtbase.dll
0x00007ffbd96b0000 - 0x00007ffbd994a000 	C:\Windows\WinSxS\amd64_microsoft.windows.common-controls_6595b64144ccf1df_6.0.19041.1110_none_60b5254171f9507e\COMCTL32.dll
0x00007ffbf2880000 - 0x00007ffbf28b2000 	C:\Windows\System32\IMM32.DLL
0x00007ffbe5de0000 - 0x00007ffbe5df5000 	D:\SoftWare\jdk8\jre\bin\vcruntime140.dll
0x00007ffbbb420000 - 0x00007ffbbb4bb000 	D:\SoftWare\jdk8\jre\bin\msvcp140.dll
0x00000000652a0000 - 0x0000000065b00000 	D:\SoftWare\jdk8\jre\bin\server\jvm.dll
0x00007ffbf2aa0000 - 0x00007ffbf2aa8000 	C:\Windows\System32\PSAPI.DLL
0x00007ffbc6820000 - 0x00007ffbc6829000 	C:\Windows\SYSTEM32\WSOCK32.dll
0x00007ffbe7ab0000 - 0x00007ffbe7aba000 	C:\Windows\SYSTEM32\VERSION.dll
0x00007ffbd8eb0000 - 0x00007ffbd8ed7000 	C:\Windows\SYSTEM32\WINMM.dll
0x00007ffbf26d0000 - 0x00007ffbf273b000 	C:\Windows\System32\WS2_32.dll
0x00007ffbefb40000 - 0x00007ffbefb52000 	C:\Windows\SYSTEM32\kernel.appcore.dll
0x00007ffbedac0000 - 0x00007ffbedad0000 	D:\SoftWare\jdk8\jre\bin\verify.dll
0x00007ffbd89b0000 - 0x00007ffbd89db000 	C:\Windows\System32\ADVAPI32.dll
0x00007ffbd3ce0000 - 0x00007ffbd3d10000 	C:\Windows\System32\gdi32full.dll
0x00007ffbd4000000 - 0x00007ffbd4018000 	C:\Windows\System32\IMM32.DLL
0x00007ffbf2c90000 - 0x00007ffbf33d3000 	C:\Windows\System32\PSAPI.DLL
0x00007ffbef0c0000 - 0x00007ffbef852000 	C:\Windows\SYSTEM32\WINMM.dll
0x00007ffbf3850000 - 0x00007ffbf3ba4000 	D:\SoftWare\jdk8\jre\bin\verify.dll
0x00007ffbf0d50000 - 0x00007ffbf0d80000 	D:\SoftWare\jdk8\jre\bin\zip.dll
0x00007ffbf2be0000 - 0x00007ffbf2c8d000 	C:\Windows\System32\KERNEL32.DLL
0x00007ffbf34e0000 - 0x00007ffbf3535000 	C:\Windows\System32\GDI32.dll
0x00007ffbf1230000 - 0x00007ffbf124f000 	C:\Windows\System32\IMM32.DLL
0x00007ffbd0660000 - 0x00007ffbd067a000 	C:\Windows\System32\PSAPI.DLL
0x00007ffbd1e20000 - 0x00007ffbd1e3c000 	C:\Windows\System32\WS2_32.dll
0x00007ffbf0ab0000 - 0x00007ffbf0b1a000 	D:\SoftWare\jdk8\jre\bin\java.dll
0x00007ffbc0070000 - 0x00007ffbc009f000 	C:\Program Files (x86)\Sangfor\SSL\ClientComponent\SangforNspX64.dll
0x00007ffbf2ab0000 - 0x00007ffbf2bda000 	C:\Windows\System32\USER32.dll
0x00007ffbf3540000 - 0x00007ffbf360d000 	C:\Windows\WinSxS\amd64_microsoft.windows.common-controls_6595b64144ccf1df_6.0.19041.1110_none_60b5254171f9507e\COMCTL32.dll
0x00007ffbbc820000 - 0x00007ffbbc837000 	D:\SoftWare\jdk8\jre\bin\msvcp140.dll
0x00007ffbbc800000 - 0x00007ffbbc81b000 	C:\Windows\SYSTEM32\WSOCK32.dll
0x00007ffbead80000 - 0x00007ffbead95000 	C:\Windows\System32\WS2_32.dll
0x00007ffbec700000 - 0x00007ffbec71d000 	D:\SoftWare\jdk8\jre\bin\zip.dll
0x00007ffbf0750000 - 0x00007ffbf078b000 	C:\Windows\System32\USER32.dll
0x00007ffbf0790000 - 0x00007ffbf085a000 	C:\Windows\System32\IMM32.DLL
0x00007ffbf24b0000 - 0x00007ffbf24b8000 	D:\SoftWare\jdk8\jre\bin\server\jvm.dll
0x00007ffbbc7e0000 - 0x00007ffbbc7f2000 	C:\Windows\System32\winrnr.dll
0x00007ffbe79d0000 - 0x00007ffbe79da000 	C:\Windows\SYSTEM32\kernel.appcore.dll
0x00007ffbe63b0000 - 0x00007ffbe6430000 	D:\SoftWare\jdk8\jre\bin\zip.dll
0x00007ffbf12f0000 - 0x00007ffbf1317000 	C:\Windows\System32\bcrypt.dll

VM Arguments:
jvm_args: -javaagent:D:\SoftWare\IntelliJ IDEA 2021.2\lib\idea_rt.jar=62096:D:\SoftWare\IntelliJ IDEA 2021.2\bin -Dfile.encoding=UTF-8 
java_command: com.w3cspring.annotationconfig.SpringEvent.MainApp
java_class_path (initial): D:\SoftWare\jdk8\jre\lib\charsets.jar;D:\SoftWare\jdk8\jre\lib\deploy.jar;D:\SoftWare\jdk8\jre\lib\ext\access-bridge-64.jar;D:\SoftWare\jdk8\jre\lib\ext\cldrdata.jar;D:\SoftWare\jdk8\jre\lib\ext\dnsns.jar;D:\SoftWare\jdk8\jre\lib\ext\jaccess.jar;D:\SoftWare\jdk8\jre\lib\ext\jfxrt.jar;D:\SoftWare\jdk8\jre\lib\ext\localedata.jar;D:\SoftWare\jdk8\jre\lib\ext\nashorn.jar;D:\SoftWare\jdk8\jre\lib\ext\sunec.jar;D:\SoftWare\jdk8\jre\lib\ext\sunjce_provider.jar;D:\SoftWare\jdk8\jre\lib\ext\sunmscapi.jar;D:\SoftWare\jdk8\jre\lib\ext\sunpkcs11.jar;D:\SoftWare\jdk8\jre\lib\ext\zipfs.jar;D:\SoftWare\jdk8\jre\lib\javaws.jar;D:\SoftWare\jdk8\jre\lib\jce.jar;D:\SoftWare\jdk8\jre\lib\jfr.jar;D:\SoftWare\jdk8\jre\lib\jfxswt.jar;D:\SoftWare\jdk8\jre\lib\jsse.jar;D:\SoftWare\jdk8\jre\lib\management-agent.jar;D:\SoftWare\jdk8\jre\lib\plugin.jar;D:\SoftWare\jdk8\jre\lib\resources.jar;D:\SoftWare\jdk8\jre\lib\rt.jar;C:\Users\sunupo\IdeaProjects\JavaStudy\target\classes;C:\Users\sunupo\.m2\repository\junit\junit\4.11\junit-4.11.jar;C:\Users\sunupo\.m2\repository\org\hamcrest\hamcrest-core\1.3\hamcrest-core-1.3.jar;C:\Users\sunupo\.m2\repository\ch\qos\logback\logback-classic\1.1.1\logback-classic-1.1.1.jar;C:\Users\sunupo\.m2\repository\ch\qos\logback\logback-core\1.1.1\logback-core-1.1.1.jar;C:\Users\sunupo\.m2\repository\org\slf4j\slf4j-api\1.7.6\slf4j-api-1.7.6.jar;C:\Users\sunupo\.m2\repository\mysql\mysql-connector-java\8.0.28\mysql-connector-java-8.0.28.jar;C:\Users\sunupo\.m2\repository\com\google\protobuf\protobuf-java\3.11.4\protobuf-java-3.11.4.jar;C:\Users\sunupo\.m2\repository\c3p0\c3p0\0.9.1.2\c3p0-0.9.1.2.jar;C:\Users\sunupo\.m2\repository\org\mybatis\mybatis\3.3.0\mybatis-3.3.0.jar;C:\Users\sunupo\.m2\repository\org\mybatis\mybatis-spring\1.2.3\mybatis-spring-1.2.3.jar;C:\Users\sunupo\.m2\repository\taglibs\standard\1.1.2\standard-1.1.2.jar;C:\Users\sunupo\.m2\repository\jstl\jstl\1.2\jstl-1.2.jar;C:\Users\sunupo\.m2\repository\com\fasterxml\jac
Launcher Type: SUN_STANDARD

Environment Variables:
PATH=D:\SoftWare\VMware\VMwareWorkstation\bin\;C:\Program Files (x86)\Common Files\Oracle\Java\javapath;D:\SoftWare\xftp\;C:\Program Files\NVIDIA GPU Computing Toolkit\CUDA\v10.0\bin;C:\Program Files\NVIDIA GPU Computing Toolkit\CUDA\v10.0\libnvvp;C:\Program Files\NVIDIA GPU Computing Toolkit\CUDA\v11.1\bin;C:\Program Files\NVIDIA GPU Computing Toolkit\CUDA\v11.1\libnvvp;C:\Windows\system32;C:\Windows;C:\Windows\System32\Wbem;C:\Windows\System32\WindowsPowerShell\v1.0\;C:\Windows\System32\OpenSSH\;C:\Program Files (x86)\NVIDIA Corporation\PhysX\Common;C:\Program Files\NVIDIA Corporation\NVIDIA NvDLISR;D:\SoftWare\Git\cmd;D:\SoftWare\xshell\Xftp 7\;D:\SoftWare\xshell\;D:\SoftWare\mingw64\bin;C:\Program Files\MySQL\MySQL Shell 8.0\bin\;C:\Users\sunupo\AppData\Local\Microsoft\WindowsApps;;D:\SoftWare\PyCharm\bin;;D:\SoftWare\Bandizip\;D:\SoftWare\texlive\2020\bin\win32;D:\SOftWare\JetBrains\CLion 2021.2.1\bin;
USERNAME=sunupo
OS=Windows_NT
PROCESSOR_IDENTIFIER=Intel64 Family 6 Model 140 Stepping 1, GenuineIntel



---------------  S Y S T E M  ---------------

OS: Windows 10.0 , 64 bit Build 19041 (10.0.19041.2251)

CPU:total 8 (initial active 8) (4 cores per cpu, 2 threads per core) family 6 model 140 stepping 1, cmov, cx8, fxsr, mmx, sse, sse2, sse3, ssse3, sse4.1, sse4.2, popcnt, avx, avx2, aes, clmul, erms, 3dnowpref, lzcnt, ht, tsc, tscinvbit, bmi1, bmi2, adx

Memory: 4k page, physical 16555320k(8438564k free), swap 20749624k(3772k free)

vm_info: Java HotSpot(TM) 64-Bit Server VM (25.301-b09) for windows-amd64 JRE (1.8.0_301-b09), built on Jun  9 2021 06:46:21 by "java_re" with MS VC++ 15.9 (VS2017)

time: Sun Nov 27 20:00:33 2022
timezone: 中国标准时间
elapsed time: 0.703583 seconds (0d 0h 0m 0s)

