#
# There is insufficient memory for the Java Runtime Environment to continue.
# Native memory allocation (malloc) failed to allocate 223376 bytes for Chunk::new
# Possible reasons:
#   The system is out of physical RAM or swap space
#   The process is running with CompressedOops enabled, and the Java Heap may be blocking the growth of the native heap
# Possible solutions:
#   Reduce memory load on the system
#   Increase physical memory or swap space
#   Check if swap backing store is full
#   Decrease Java heap size (-Xmx/-Xms)
#   Decrease number of Java threads
#   Decrease Java thread stack sizes (-Xss)
#   Set larger code cache with -XX:ReservedCodeCacheSize=
#   JVM is running with Zero Based Compressed Oops mode in which the Java heap is
#     placed in the first 32GB address space. The Java Heap base address is the
#     maximum limit for the native heap growth. Please use -XX:HeapBaseMinAddress
#     to set the Java Heap base and to place the Java Heap above 32GB virtual address.
# This output file may be truncated or incomplete.
#
#  Out of Memory Error (allocation.cpp:389), pid=30324, tid=0x0000000000005bc0
#
# JRE version: Java(TM) SE Runtime Environment (8.0_301-b09) (build 1.8.0_301-b09)
# Java VM: Java HotSpot(TM) 64-Bit Server VM (25.301-b09 mixed mode windows-amd64 compressed oops)
# Failed to write core dump. Minidumps are not enabled by default on client versions of Windows
#

---------------  T H R E A D  ---------------

Current thread (0x000002d4f27a0800):  JavaThread "C2 CompilerThread0" daemon [_thread_in_native, id=23488, stack(0x000000e7f0f00000,0x000000e7f1000000)]

Stack: [0x000000e7f0f00000,0x000000e7f1000000]
Native frames: (J=compiled Java code, j=interpreted, Vv=VM code, C=native code)
V  [jvm.dll+0x32ed79]


Current CompileTask:
C2:    406  207   !   4       sun.misc.URLClassPath$JarLoader::getResource (85 bytes)


---------------  P R O C E S S  ---------------

Java Threads: ( => current thread )
  0x000002d4f2855000 JavaThread "Service Thread" daemon [_thread_blocked, id=23208, stack(0x000000e7f1300000,0x000000e7f1400000)]
  0x000002d4f27ae800 JavaThread "C1 CompilerThread3" daemon [_thread_blocked, id=2912, stack(0x000000e7f1200000,0x000000e7f1300000)]
  0x000002d4f27a6000 JavaThread "C2 CompilerThread2" daemon [_thread_blocked, id=25736, stack(0x000000e7f1100000,0x000000e7f1200000)]
  0x000002d4f27a3000 JavaThread "C2 CompilerThread1" daemon [_thread_blocked, id=19164, stack(0x000000e7f1000000,0x000000e7f1100000)]
=>0x000002d4f27a0800 JavaThread "C2 CompilerThread0" daemon [_thread_in_native, id=23488, stack(0x000000e7f0f00000,0x000000e7f1000000)]
  0x000002d4f279b000 JavaThread "Monitor Ctrl-Break" daemon [_thread_in_native, id=15832, stack(0x000000e7f0e00000,0x000000e7f0f00000)]
  0x000002d4f0837000 JavaThread "Attach Listener" daemon [_thread_blocked, id=33784, stack(0x000000e7f0d00000,0x000000e7f0e00000)]
  0x000002d4f081d800 JavaThread "Signal Dispatcher" daemon [_thread_blocked, id=20168, stack(0x000000e7f0c00000,0x000000e7f0d00000)]
  0x000002d4f0806000 JavaThread "Finalizer" daemon [_thread_blocked, id=24032, stack(0x000000e7f0b00000,0x000000e7f0c00000)]
  0x000002d4f07fb000 JavaThread "Reference Handler" daemon [_thread_blocked, id=6508, stack(0x000000e7f0a00000,0x000000e7f0b00000)]
  0x000002d4d5ca5000 JavaThread "main" [_thread_in_vm, id=36044, stack(0x000000e7f0000000,0x000000e7f0100000)]

Other Threads:
  0x000002d4f07d0800 VMThread [stack: 0x000000e7f0900000,0x000000e7f0a00000] [id=36780]
  0x000002d4f28b6800 WatcherThread [stack: 0x000000e7f1400000,0x000000e7f1500000] [id=33600]

VM state:not at safepoint (normal execution)

VM Mutex/Monitor currently owned by a thread: None

heap address: 0x00000006c3600000, size: 4042 MB, Compressed Oops mode: Zero based, Oop shift amount: 3
Narrow klass base: 0x0000000000000000, Narrow klass shift: 3
Compressed class space size: 1073741824 Address: 0x00000007c0000000

Heap:
 PSYoungGen      total 75776K, used 10409K [0x000000076bd00000, 0x0000000771180000, 0x00000007c0000000)
  eden space 65024K, 16% used [0x000000076bd00000,0x000000076c72a640,0x000000076fc80000)
  from space 10752K, 0% used [0x0000000770700000,0x0000000770700000,0x0000000771180000)
  to   space 10752K, 0% used [0x000000076fc80000,0x000000076fc80000,0x0000000770700000)
 ParOldGen       total 173568K, used 0K [0x00000006c3600000, 0x00000006cdf80000, 0x000000076bd00000)
  object space 173568K, 0% used [0x00000006c3600000,0x00000006c3600000,0x00000006cdf80000)
 Metaspace       used 4115K, capacity 5024K, committed 5248K, reserved 1056768K
  class space    used 474K, capacity 528K, committed 640K, reserved 1048576K

Card table byte_map: [0x000002d4e6a20000,0x000002d4e7210000] byte_map_base: 0x000002d4e3405000

Marking Bits: (ParMarkBitMap*) 0x0000000065a87fe0
 Begin Bits: [0x000002d4e7760000, 0x000002d4eb688000)
 End Bits:   [0x000002d4eb688000, 0x000002d4ef5b0000)

Polling page: 0x000002d4d5da0000

CodeCache: size=245760Kb used=1612Kb max_used=1614Kb free=244147Kb
 bounds [0x000002d4d7660000, 0x000002d4d78d0000, 0x000002d4e6660000]
 total_blobs=473 nmethods=212 adapters=174
 compilation: enabled

Compilation events (10 events):
Event: 0.390 Thread 0x000002d4f27ae800 nmethod 205 0x000002d4d77eb9d0 code [0x000002d4d77ebc40, 0x000002d4d77ecd50]
Event: 0.390 Thread 0x000002d4f27ae800  206       3       java.util.zip.InflaterInputStream::ensureOpen (18 bytes)
Event: 0.390 Thread 0x000002d4f27ae800 nmethod 206 0x000002d4d77e9810 code [0x000002d4d77e9980, 0x000002d4d77e9bd0]
Event: 0.390 Thread 0x000002d4f27a3000 nmethod 208 0x000002d4d77c4290 code [0x000002d4d77c43c0, 0x000002d4d77c4438]
Event: 0.393 Thread 0x000002d4f27a3000  210 %     4       java.lang.String::indexOf @ 69 (166 bytes)
Event: 0.394 Thread 0x000002d4f27a6000 nmethod 195 0x000002d4d77f2890 code [0x000002d4d77f2aa0, 0x000002d4d77f3950]
Event: 0.394 Thread 0x000002d4f27ae800  211       3       java.io.WinNTFileSystem::prefixLength (91 bytes)
Event: 0.395 Thread 0x000002d4f27ae800 nmethod 211 0x000002d4d77f1690 code [0x000002d4d77f1880, 0x000002d4d77f2410]
Event: 0.395 Thread 0x000002d4f27ae800  212   !   3       java.util.zip.Inflater::ended (32 bytes)
Event: 0.396 Thread 0x000002d4f27ae800 nmethod 212 0x000002d4d77f1010 code [0x000002d4d77f1180, 0x000002d4d77f1558]

GC Heap History (0 events):
No events

Deoptimization events (0 events):
No events

Classes redefined (0 events):
No events

Internal exceptions (6 events):
Event: 0.038 Thread 0x000002d4d5ca5000 Exception <a 'java/lang/NoSuchMethodError': Method sun.misc.Unsafe.defineClass(Ljava/lang/String;[BII)Ljava/lang/Class; name or signature does not match> (0x000000076bd07cc0) thrown at [C:\jenkins\workspace\8-2-build-windows-amd64-cygwin\jdk8u301\1513\hot
Event: 0.038 Thread 0x000002d4d5ca5000 Exception <a 'java/lang/NoSuchMethodError': Method sun.misc.Unsafe.prefetchRead(Ljava/lang/Object;J)V name or signature does not match> (0x000000076bd07fa8) thrown at [C:\jenkins\workspace\8-2-build-windows-amd64-cygwin\jdk8u301\1513\hotspot\src\share\vm\
Event: 0.334 Thread 0x000002d4d5ca5000 Exception <a 'java/security/PrivilegedActionException'> (0x000000076c3bf7a0) thrown at [C:\jenkins\workspace\8-2-build-windows-amd64-cygwin\jdk8u301\1513\hotspot\src\share\vm\prims\jvm.cpp, line 1523]
Event: 0.334 Thread 0x000002d4d5ca5000 Exception <a 'java/security/PrivilegedActionException'> (0x000000076c3bf9b0) thrown at [C:\jenkins\workspace\8-2-build-windows-amd64-cygwin\jdk8u301\1513\hotspot\src\share\vm\prims\jvm.cpp, line 1523]
Event: 0.334 Thread 0x000002d4d5ca5000 Exception <a 'java/security/PrivilegedActionException'> (0x000000076c3c2120) thrown at [C:\jenkins\workspace\8-2-build-windows-amd64-cygwin\jdk8u301\1513\hotspot\src\share\vm\prims\jvm.cpp, line 1523]
Event: 0.334 Thread 0x000002d4d5ca5000 Exception <a 'java/security/PrivilegedActionException'> (0x000000076c3c2330) thrown at [C:\jenkins\workspace\8-2-build-windows-amd64-cygwin\jdk8u301\1513\hotspot\src\share\vm\prims\jvm.cpp, line 1523]

Events (10 events):
Event: 0.398 loading class ch/qos/logback/core/util/Loader$1
Event: 0.398 loading class ch/qos/logback/core/util/Loader$1 done
Event: 0.399 loading class java/security/Policy
Event: 0.399 loading class java/security/Policy done
Event: 0.399 loading class java/security/Policy$UnsupportedEmptyCollection
Event: 0.399 loading class java/security/Policy$UnsupportedEmptyCollection done
Event: 0.399 loading class java/util/concurrent/atomic/AtomicReference
Event: 0.399 loading class java/util/concurrent/atomic/AtomicReference done
Event: 0.399 loading class java/security/Policy$PolicyInfo
Event: 0.400 loading class java/security/Policy$PolicyInfo done


Dynamic libraries:
0x00007ff7aa190000 - 0x00007ff7aa1d7000 	D:\SoftWare\jdk8\bin\java.exe
0x00007ffbf3bf0000 - 0x00007ffbf3de8000 	C:\Windows\SYSTEM32\ntdll.dll
0x00007ffbf3790000 - 0x00007ffbf384f000 	C:\Windows\System32\KERNEL32.DLL
0x00007ffbf1850000 - 0x00007ffbf1b22000 	C:\Windows\System32\KERNELBASE.dll
0x00007ffbf2740000 - 0x00007ffbf27ee000 	C:\Windows\System32\ADVAPI32.dll
0x00007ffbf33e0000 - 0x00007ffbf347e000 	C:\Windows\System32\msvcrt.dll
0x00007ffbf2230000 - 0x00007ffbf22cc000 	C:\Windows\System32\sechost.dll
0x00007ffbf28c0000 - 0x00007ffbf29e5000 	C:\Windows\System32\RPCRT4.dll
0x00007ffbf22d0000 - 0x00007ffbf246d000 	C:\Windows\System32\USER32.dll
0x00007ffbf1620000 - 0x00007ffbf1642000 	C:\Windows\System32\win32u.dll
0x00007ffbf2480000 - 0x00007ffbf24ab000 	C:\Windows\System32\GDI32.dll
0x00007ffbf1b30000 - 0x00007ffbf1c3f000 	C:\Windows\System32\gdi32full.dll
0x00007ffbf1320000 - 0x00007ffbf13bd000 	C:\Windows\System32\msvcp_win.dll
0x00007ffbf13c0000 - 0x00007ffbf14c0000 	C:\Windows\System32\ucrtbase.dll
0x00007ffbd96b0000 - 0x00007ffbd994a000 	C:\Windows\WinSxS\amd64_microsoft.windows.common-controls_6595b64144ccf1df_6.0.19041.1110_none_60b5254171f9507e\COMCTL32.dll
0x00007ffbf2880000 - 0x00007ffbf28b2000 	C:\Windows\System32\IMM32.DLL
0x00007ffbe5de0000 - 0x00007ffbe5df5000 	D:\SoftWare\jdk8\jre\bin\vcruntime140.dll
0x00007ffbbb420000 - 0x00007ffbbb4bb000 	D:\SoftWare\jdk8\jre\bin\msvcp140.dll
0x00000000652a0000 - 0x0000000065b00000 	D:\SoftWare\jdk8\jre\bin\server\jvm.dll
0x00007ffbf2aa0000 - 0x00007ffbf2aa8000 	C:\Windows\System32\PSAPI.DLL
0x00007ffbe7ab0000 - 0x00007ffbe7aba000 	C:\Windows\SYSTEM32\VERSION.dll
0x00007ffbd8eb0000 - 0x00007ffbd8ed7000 	C:\Windows\SYSTEM32\WINMM.dll
0x00007ffbc6820000 - 0x00007ffbc6829000 	C:\Windows\SYSTEM32\WSOCK32.dll
0x00007ffbf26d0000 - 0x00007ffbf273b000 	C:\Windows\System32\WS2_32.dll
0x00007ffbefb40000 - 0x00007ffbefb52000 	C:\Windows\SYSTEM32\kernel.appcore.dll
0x00007ffbedac0000 - 0x00007ffbedad0000 	D:\SoftWare\jdk8\jre\bin\verify.dll
0x00007ffbd89b0000 - 0x00007ffbd89db000 	D:\SoftWare\jdk8\jre\bin\java.dll
0x00007ffbd3ce0000 - 0x00007ffbd3d10000 	D:\SoftWare\jdk8\jre\bin\instrument.dll
0x00007ffbd4000000 - 0x00007ffbd4018000 	D:\SoftWare\jdk8\jre\bin\zip.dll
0x00007ffbf2c90000 - 0x00007ffbf33d3000 	C:\Windows\System32\SHELL32.dll
0x00007ffbef0c0000 - 0x00007ffbef852000 	C:\Windows\SYSTEM32\windows.storage.dll
0x00007ffbf3850000 - 0x00007ffbf3ba4000 	C:\Windows\System32\combase.dll
0x00007ffbf0d50000 - 0x00007ffbf0d80000 	C:\Windows\SYSTEM32\Wldp.dll
0x00007ffbf2be0000 - 0x00007ffbf2c8d000 	C:\Windows\System32\SHCORE.dll
0x00007ffbf34e0000 - 0x00007ffbf3535000 	C:\Windows\System32\shlwapi.dll
0x00007ffbf1230000 - 0x00007ffbf124f000 	C:\Windows\SYSTEM32\profapi.dll
0x00007ffbd0660000 - 0x00007ffbd067a000 	D:\SoftWare\IntelliJ IDEA 2021.2\bin\breakgen64.dll
0x00007ffbd1e20000 - 0x00007ffbd1e3c000 	D:\SoftWare\jdk8\jre\bin\net.dll
0x00007ffbf0ab0000 - 0x00007ffbf0b1a000 	C:\Windows\system32\mswsock.dll
0x00007ffbf17c0000 - 0x00007ffbf1842000 	C:\Windows\System32\bcryptPrimitives.dll

VM Arguments:
jvm_args: -javaagent:D:\SoftWare\IntelliJ IDEA 2021.2\lib\idea_rt.jar=62118:D:\SoftWare\IntelliJ IDEA 2021.2\bin -Dfile.encoding=UTF-8 
java_command: com.w3cspring.annotationconfig.SpringEvent.MainApp
java_class_path (initial): D:\SoftWare\jdk8\jre\lib\charsets.jar;D:\SoftWare\jdk8\jre\lib\deploy.jar;D:\SoftWare\jdk8\jre\lib\ext\access-bridge-64.jar;D:\SoftWare\jdk8\jre\lib\ext\cldrdata.jar;D:\SoftWare\jdk8\jre\lib\ext\dnsns.jar;D:\SoftWare\jdk8\jre\lib\ext\jaccess.jar;D:\SoftWare\jdk8\jre\lib\ext\jfxrt.jar;D:\SoftWare\jdk8\jre\lib\ext\localedata.jar;D:\SoftWare\jdk8\jre\lib\ext\nashorn.jar;D:\SoftWare\jdk8\jre\lib\ext\sunec.jar;D:\SoftWare\jdk8\jre\lib\ext\sunjce_provider.jar;D:\SoftWare\jdk8\jre\lib\ext\sunmscapi.jar;D:\SoftWare\jdk8\jre\lib\ext\sunpkcs11.jar;D:\SoftWare\jdk8\jre\lib\ext\zipfs.jar;D:\SoftWare\jdk8\jre\lib\javaws.jar;D:\SoftWare\jdk8\jre\lib\jce.jar;D:\SoftWare\jdk8\jre\lib\jfr.jar;D:\SoftWare\jdk8\jre\lib\jfxswt.jar;D:\SoftWare\jdk8\jre\lib\jsse.jar;D:\SoftWare\jdk8\jre\lib\management-agent.jar;D:\SoftWare\jdk8\jre\lib\plugin.jar;D:\SoftWare\jdk8\jre\lib\resources.jar;D:\SoftWare\jdk8\jre\lib\rt.jar;C:\Users\sunupo\IdeaProjects\JavaStudy\target\classes;C:\Users\sunupo\.m2\repository\junit\junit\4.11\junit-4.11.jar;C:\Users\sunupo\.m2\repository\org\hamcrest\hamcrest-core\1.3\hamcrest-core-1.3.jar;C:\Users\sunupo\.m2\repository\ch\qos\logback\logback-classic\1.1.1\logback-classic-1.1.1.jar;C:\Users\sunupo\.m2\repository\ch\qos\logback\logback-core\1.1.1\logback-core-1.1.1.jar;C:\Users\sunupo\.m2\repository\org\slf4j\slf4j-api\1.7.6\slf4j-api-1.7.6.jar;C:\Users\sunupo\.m2\repository\mysql\mysql-connector-java\8.0.28\mysql-connector-java-8.0.28.jar;C:\Users\sunupo\.m2\repository\com\google\protobuf\protobuf-java\3.11.4\protobuf-java-3.11.4.jar;C:\Users\sunupo\.m2\repository\c3p0\c3p0\0.9.1.2\c3p0-0.9.1.2.jar;C:\Users\sunupo\.m2\repository\org\mybatis\mybatis\3.3.0\mybatis-3.3.0.jar;C:\Users\sunupo\.m2\repository\org\mybatis\mybatis-spring\1.2.3\mybatis-spring-1.2.3.jar;C:\Users\sunupo\.m2\repository\taglibs\standard\1.1.2\standard-1.1.2.jar;C:\Users\sunupo\.m2\repository\jstl\jstl\1.2\jstl-1.2.jar;C:\Users\sunupo\.m2\repository\com\fasterxml\jac
Launcher Type: SUN_STANDARD

Environment Variables:
PATH=D:\SoftWare\VMware\VMwareWorkstation\bin\;C:\Program Files (x86)\Common Files\Oracle\Java\javapath;D:\SoftWare\xftp\;C:\Program Files\NVIDIA GPU Computing Toolkit\CUDA\v10.0\bin;C:\Program Files\NVIDIA GPU Computing Toolkit\CUDA\v10.0\libnvvp;C:\Program Files\NVIDIA GPU Computing Toolkit\CUDA\v11.1\bin;C:\Program Files\NVIDIA GPU Computing Toolkit\CUDA\v11.1\libnvvp;C:\Windows\system32;C:\Windows;C:\Windows\System32\Wbem;C:\Windows\System32\WindowsPowerShell\v1.0\;C:\Windows\System32\OpenSSH\;C:\Program Files (x86)\NVIDIA Corporation\PhysX\Common;C:\Program Files\NVIDIA Corporation\NVIDIA NvDLISR;D:\SoftWare\Git\cmd;D:\SoftWare\xshell\Xftp 7\;D:\SoftWare\xshell\;D:\SoftWare\mingw64\bin;C:\Program Files\MySQL\MySQL Shell 8.0\bin\;C:\Users\sunupo\AppData\Local\Microsoft\WindowsApps;;D:\SoftWare\PyCharm\bin;;D:\SoftWare\Bandizip\;D:\SoftWare\texlive\2020\bin\win32;D:\SOftWare\JetBrains\CLion 2021.2.1\bin;
USERNAME=sunupo
OS=Windows_NT
PROCESSOR_IDENTIFIER=Intel64 Family 6 Model 140 Stepping 1, GenuineIntel



---------------  S Y S T E M  ---------------

OS: Windows 10.0 , 64 bit Build 19041 (10.0.19041.2251)

CPU:total 8 (initial active 8) (4 cores per cpu, 2 threads per core) family 6 model 140 stepping 1, cmov, cx8, fxsr, mmx, sse, sse2, sse3, ssse3, sse4.1, sse4.2, popcnt, avx, avx2, aes, clmul, erms, 3dnowpref, lzcnt, ht, tsc, tscinvbit, bmi1, bmi2, adx

Memory: 4k page, physical 16555320k(8355616k free), swap 20749624k(4132k free)

vm_info: Java HotSpot(TM) 64-Bit Server VM (25.301-b09) for windows-amd64 JRE (1.8.0_301-b09), built on Jun  9 2021 06:46:21 by "java_re" with MS VC++ 15.9 (VS2017)

time: Sun Nov 27 20:00:42 2022
timezone: 中国标准时间
elapsed time: 0.416554 seconds (0d 0h 0m 0s)

