#
# There is insufficient memory for the Java Runtime Environment to continue.
# Native memory allocation (malloc) failed to allocate 1048576 bytes for AllocateHeap
# Possible reasons:
#   The system is out of physical RAM or swap space
#   The process is running with CompressedOops enabled, and the Java Heap may be blocking the growth of the native heap
# Possible solutions:
#   Reduce memory load on the system
#   Increase physical memory or swap space
#   Check if swap backing store is full
#   Decrease Java heap size (-Xmx/-Xms)
#   Decrease number of Java threads
#   Decrease Java thread stack sizes (-Xss)
#   Set larger code cache with -XX:ReservedCodeCacheSize=
#   JVM is running with Zero Based Compressed Oops mode in which the Java heap is
#     placed in the first 32GB address space. The Java Heap base address is the
#     maximum limit for the native heap growth. Please use -XX:HeapBaseMinAddress
#     to set the Java Heap base and to place the Java Heap above 32GB virtual address.
# This output file may be truncated or incomplete.
#
#  Out of Memory Error (memory/allocation.inline.hpp:61), pid=11936, tid=0x0000000000000fe0
#
# JRE version:  (8.0_301-b09) (build )
# Java VM: Java HotSpot(TM) 64-Bit Server VM (25.301-b09 mixed mode windows-amd64 compressed oops)
# Failed to write core dump. Minidumps are not enabled by default on client versions of Windows
#

---------------  T H R E A D  ---------------

Current thread (0x0000028404be6000):  JavaThread "Unknown thread" [_thread_in_vm, id=4064, stack(0x000000f5c8a00000,0x000000f5c8b00000)]

Stack: [0x000000f5c8a00000,0x000000f5c8b00000]
Native frames: (J=compiled Java code, j=interpreted, Vv=VM code, C=native code)
V  [jvm.dll+0x32ed79]
V  [jvm.dll+0x275722]
V  [jvm.dll+0x2763cd]
V  [jvm.dll+0x26ce05]
V  [jvm.dll+0x509d]
V  [jvm.dll+0x3c9fec]
V  [jvm.dll+0x3c6367]
V  [jvm.dll+0xfcdcf]
V  [jvm.dll+0x20a0bb]
V  [jvm.dll+0x238ae7]
V  [jvm.dll+0x162876]
C  [java.exe+0x2312]
C  [java.exe+0x15f54]
C  [KERNEL32.DLL+0x17614]
C  [ntdll.dll+0x526a1]


---------------  P R O C E S S  ---------------

Java Threads: ( => current thread )

Other Threads:

=>0x0000028404be6000 (exited) JavaThread "Unknown thread" [_thread_in_vm, id=4064, stack(0x000000f5c8a00000,0x000000f5c8b00000)]

VM state:not at safepoint (normal execution)

VM Mutex/Monitor currently owned by a thread: None

heap address: 0x00000006c3600000, size: 4042 MB, Compressed Oops mode: Zero based, Oop shift amount: 3
Narrow klass base: 0x0000000000000000, Narrow klass shift: 3
Compressed class space size: 1073741824 Address: 0x00000007c0000000

Heap:
 PSYoungGen      total 75776K, used 1300K [0x000000076bd00000, 0x0000000771180000, 0x00000007c0000000)
  eden space 65024K, 2% used [0x000000076bd00000,0x000000076be451f8,0x000000076fc80000)
  from space 10752K, 0% used [0x0000000770700000,0x0000000770700000,0x0000000771180000)
  to   space 10752K, 0% used [0x000000076fc80000,0x000000076fc80000,0x0000000770700000)
 ParOldGen       total 173568K, used 0K [0x00000006c3600000, 0x00000006cdf80000, 0x000000076bd00000)
  object space 173568K, 0% used [0x00000006c3600000,0x00000006c3600000,0x00000006cdf80000)
 Metaspace       used 778K, capacity 4480K, committed 4480K, reserved 1056768K
  class space    used 76K, capacity 384K, committed 384K, reserved 1048576K

Card table byte_map: [0x0000028415ae0000,0x00000284162d0000] byte_map_base: 0x00000284124c5000

Marking Bits: (ParMarkBitMap*) 0x0000000068e17fe0
 Begin Bits: [0x0000028416820000, 0x000002841a748000)
 End Bits:   [0x000002841a748000, 0x000002841e670000)

Polling page: 0x0000028404e50000

CodeCache: size=245760Kb used=328Kb max_used=328Kb free=245431Kb
 bounds [0x0000028406720000, 0x0000028406990000, 0x0000028415720000]
 total_blobs=58 nmethods=0 adapters=38
 compilation: enabled

Compilation events (0 events):
No events

GC Heap History (0 events):
No events

Deoptimization events (0 events):
No events

Classes redefined (0 events):
No events

Internal exceptions (0 events):
No events

Events (10 events):
Event: 0.019 loading class java/lang/Short
Event: 0.019 loading class java/lang/Short done
Event: 0.019 loading class java/lang/Integer
Event: 0.019 loading class java/lang/Integer done
Event: 0.019 loading class java/lang/Long
Event: 0.019 loading class java/lang/Long done
Event: 0.019 loading class java/lang/NullPointerException
Event: 0.019 loading class java/lang/NullPointerException done
Event: 0.019 loading class java/lang/ArithmeticException
Event: 0.019 loading class java/lang/ArithmeticException done


Dynamic libraries:
0x00007ff70a660000 - 0x00007ff70a6a7000 	D:\SoftWare\jdk8\bin\java.exe
0x00007ffe55e10000 - 0x00007ffe56008000 	C:\Windows\SYSTEM32\ntdll.dll
0x00007ffe55c70000 - 0x00007ffe55d2f000 	C:\Windows\System32\KERNEL32.DLL
0x00007ffe536a0000 - 0x00007ffe53972000 	C:\Windows\System32\KERNELBASE.dll
0x00007ffe55700000 - 0x00007ffe557ae000 	C:\Windows\System32\ADVAPI32.dll
0x00007ffe544f0000 - 0x00007ffe5458e000 	C:\Windows\System32\msvcrt.dll
0x00007ffe55d30000 - 0x00007ffe55dcc000 	C:\Windows\System32\sechost.dll
0x00007ffe54b90000 - 0x00007ffe54cb5000 	C:\Windows\System32\RPCRT4.dll
0x00007ffe54650000 - 0x00007ffe547f1000 	C:\Windows\System32\USER32.dll
0x00007ffe53c10000 - 0x00007ffe53c32000 	C:\Windows\System32\win32u.dll
0x00007ffe54890000 - 0x00007ffe548bb000 	C:\Windows\System32\GDI32.dll
0x00007ffe53c40000 - 0x00007ffe53d4f000 	C:\Windows\System32\gdi32full.dll
0x00007ffe53550000 - 0x00007ffe535ed000 	C:\Windows\System32\msvcp_win.dll
0x00007ffe53d50000 - 0x00007ffe53e50000 	C:\Windows\System32\ucrtbase.dll
0x00007ffe3a3c0000 - 0x00007ffe3a65a000 	C:\Windows\WinSxS\amd64_microsoft.windows.common-controls_6595b64144ccf1df_6.0.19041.1110_none_60b5254171f9507e\COMCTL32.dll
0x00007ffe55c30000 - 0x00007ffe55c62000 	C:\Windows\System32\IMM32.DLL
0x00007ffe28d20000 - 0x00007ffe28d35000 	D:\SoftWare\jdk8\jre\bin\vcruntime140.dll
0x00007ffe0dec0000 - 0x00007ffe0df5b000 	D:\SoftWare\jdk8\jre\bin\msvcp140.dll
0x0000000068630000 - 0x0000000068e90000 	D:\SoftWare\jdk8\jre\bin\server\jvm.dll
0x00007ffe557b0000 - 0x00007ffe557b8000 	C:\Windows\System32\PSAPI.DLL
0x00007ffe460e0000 - 0x00007ffe46107000 	C:\Windows\SYSTEM32\WINMM.dll
0x00007ffe4ed00000 - 0x00007ffe4ed09000 	C:\Windows\SYSTEM32\WSOCK32.dll
0x00007ffe4b1d0000 - 0x00007ffe4b1da000 	C:\Windows\SYSTEM32\VERSION.dll
0x00007ffe554f0000 - 0x00007ffe5555b000 	C:\Windows\System32\WS2_32.dll
0x00007ffe51d10000 - 0x00007ffe51d22000 	C:\Windows\SYSTEM32\kernel.appcore.dll
0x00007ffe2ae60000 - 0x00007ffe2ae70000 	D:\SoftWare\jdk8\jre\bin\verify.dll
0x00007ffe27780000 - 0x00007ffe277ab000 	D:\SoftWare\jdk8\jre\bin\java.dll
0x00007ffe4be70000 - 0x00007ffe4bea0000 	D:\SoftWare\jdk8\jre\bin\instrument.dll
0x00007ffe27760000 - 0x00007ffe27778000 	D:\SoftWare\jdk8\jre\bin\zip.dll
0x00007ffe51af0000 - 0x00007ffe51cd4000 	C:\Windows\SYSTEM32\dbghelp.dll
0x00007ffe53b80000 - 0x00007ffe53c02000 	C:\Windows\System32\bcryptPrimitives.dll

VM Arguments:
jvm_args: -Dvisualvm.id=30339361331000 -Dmaven.multiModuleProjectDirectory=C:\Users\sunupo\IdeaProjects\JavaStudy -Djansi.passthrough=true -Dmaven.home=C:\Program Files\JetBrains\IntelliJ IDEA 2022.3\plugins\maven\lib\maven3 -Dclassworlds.conf=C:\Program Files\JetBrains\IntelliJ IDEA 2022.3\plugins\maven\lib\maven3\bin\m2.conf -Dmaven.ext.class.path=C:\Program Files\JetBrains\IntelliJ IDEA 2022.3\plugins\maven\lib\maven-event-listener.jar -javaagent:C:\Program Files\JetBrains\IntelliJ IDEA 2022.3\lib\idea_rt.jar=53733:C:\Program Files\JetBrains\IntelliJ IDEA 2022.3\bin -Dfile.encoding=UTF-8 
java_command: org.codehaus.classworlds.Launcher -Didea.version=2022.3 org.apache.maven.plugins:maven-war-plugin:2.2:exploded
java_class_path (initial): C:\Program Files\JetBrains\IntelliJ IDEA 2022.3\plugins\maven\lib\maven3\boot\plexus-classworlds-2.6.0.jar;C:\Program Files\JetBrains\IntelliJ IDEA 2022.3\plugins\maven\lib\maven3\boot\plexus-classworlds.license;C:\Program Files\JetBrains\IntelliJ IDEA 2022.3\lib\idea_rt.jar
Launcher Type: SUN_STANDARD

Environment Variables:
JAVA_HOME=D:\SoftWare\jdk8
PATH=D:\SoftWare\VMware\VMwareWorkstation\bin\;C:\Program Files (x86)\Common Files\Oracle\Java\javapath;D:\SoftWare\xftp\;C:\Windows\system32;C:\Windows;C:\Windows\System32\Wbem;C:\Windows\System32\WindowsPowerShell\v1.0\;C:\Windows\System32\OpenSSH\;D:\SoftWare\Git\cmd;D:\SoftWare\xshell\Xftp 7\;D:\SoftWare\xshell\;D:\SoftWare\mingw64\bin;C:\Program Files\MySQL\MySQL Shell 8.0\bin\;C:\Users\sunupo\AppData\Local\Microsoft\WindowsApps;D:\SoftWare\PyCharm\bin;;D:\SoftWare\Bandizip\;D:\SoftWare\texlive\2020\bin\win32;D:\SOftWare\JetBrains\CLion 2021.2.1\bin;;C:\Program Files\JetBrains\IntelliJ IDEA 2022.3\bin;;C:\Program Files\MySQL\MySQL Server 5.7\bin;D:\SoftWare\Anaconda3\condabin;"D:\SoftWare\jdk8\bin;D:\SoftWare\jdk8\jre\bin;";
USERNAME=sunupo
OS=Windows_NT
PROCESSOR_IDENTIFIER=Intel64 Family 6 Model 140 Stepping 1, GenuineIntel



---------------  S Y S T E M  ---------------

OS: Windows 10.0 , 64 bit Build 19041 (10.0.19041.2546)

CPU:total 8 (initial active 8) (4 cores per cpu, 2 threads per core) family 6 model 140 stepping 1, cmov, cx8, fxsr, mmx, sse, sse2, sse3, ssse3, sse4.1, sse4.2, popcnt, avx, avx2, aes, clmul, erms, 3dnowpref, lzcnt, ht, tsc, tscinvbit, bmi1, bmi2, adx

Memory: 4k page, physical 16555320k(2454880k free), swap 20749624k(5524k free)

vm_info: Java HotSpot(TM) 64-Bit Server VM (25.301-b09) for windows-amd64 JRE (1.8.0_301-b09), built on Jun  9 2021 06:46:21 by "java_re" with MS VC++ 15.9 (VS2017)

time: Sat Feb 25 19:16:28 2023
timezone: 中国标准时间
elapsed time: 0.038233 seconds (0d 0h 0m 0s)

