#
# There is insufficient memory for the Java Runtime Environment to continue.
# Native memory allocation (malloc) failed to allocate 295696 bytes for Chunk::new
# Possible reasons:
#   The system is out of physical RAM or swap space
#   The process is running with CompressedOops enabled, and the Java Heap may be blocking the growth of the native heap
# Possible solutions:
#   Reduce memory load on the system
#   Increase physical memory or swap space
#   Check if swap backing store is full
#   Decrease Java heap size (-Xmx/-Xms)
#   Decrease number of Java threads
#   Decrease Java thread stack sizes (-Xss)
#   Set larger code cache with -XX:ReservedCodeCacheSize=
#   JVM is running with Zero Based Compressed Oops mode in which the Java heap is
#     placed in the first 32GB address space. The Java Heap base address is the
#     maximum limit for the native heap growth. Please use -XX:HeapBaseMinAddress
#     to set the Java Heap base and to place the Java Heap above 32GB virtual address.
# This output file may be truncated or incomplete.
#
#  Out of Memory Error (allocation.cpp:389), pid=30120, tid=0x000000000000574c
#
# JRE version: Java(TM) SE Runtime Environment (8.0_301-b09) (build 1.8.0_301-b09)
# Java VM: Java HotSpot(TM) 64-Bit Server VM (25.301-b09 mixed mode windows-amd64 compressed oops)
# Failed to write core dump. Minidumps are not enabled by default on client versions of Windows
#

---------------  T H R E A D  ---------------

Current thread (0x000001d000b21000):  JavaThread "C2 CompilerThread2" daemon [_thread_in_native, id=22348, stack(0x000000afeba00000,0x000000afebb00000)]

Stack: [0x000000afeba00000,0x000000afebb00000]
Native frames: (J=compiled Java code, j=interpreted, Vv=VM code, C=native code)
V  [jvm.dll+0x32ed79]
V  [jvm.dll+0x275722]
V  [jvm.dll+0x2763cd]
V  [jvm.dll+0x26ce05]
V  [jvm.dll+0xd551c]
V  [jvm.dll+0xd5d1c]
V  [jvm.dll+0x452c72]
V  [jvm.dll+0x48dcdd]
V  [jvm.dll+0x442c71]
V  [jvm.dll+0x43fee4]
V  [jvm.dll+0x42ae57]
V  [jvm.dll+0xac1bb]
V  [jvm.dll+0xaa81b]
V  [jvm.dll+0x23ddc2]
V  [jvm.dll+0x2923dc]
C  [ucrtbase.dll+0x21bb2]
C  [KERNEL32.DLL+0x174b4]
C  [ntdll.dll+0x526a1]


Current CompileTask:
C2:   1425  761  s!   4       sun.misc.URLClassPath::getLoader (243 bytes)


---------------  P R O C E S S  ---------------

Java Threads: ( => current thread )
  0x000001d000bbc000 JavaThread "Service Thread" daemon [_thread_blocked, id=29240, stack(0x000000afebc00000,0x000000afebd00000)]
  0x000001d000b26000 JavaThread "C1 CompilerThread3" daemon [_thread_blocked, id=31276, stack(0x000000afebb00000,0x000000afebc00000)]
=>0x000001d000b21000 JavaThread "C2 CompilerThread2" daemon [_thread_in_native, id=22348, stack(0x000000afeba00000,0x000000afebb00000)]
  0x000001d000b1b800 JavaThread "C2 CompilerThread1" daemon [_thread_in_native, id=21272, stack(0x000000afeb900000,0x000000afeba00000)]
  0x000001d000b18800 JavaThread "C2 CompilerThread0" daemon [_thread_blocked, id=31536, stack(0x000000afeb800000,0x000000afeb900000)]
  0x000001d000a70000 JavaThread "Monitor Ctrl-Break" daemon [_thread_in_native, id=9920, stack(0x000000afeb700000,0x000000afeb800000)]
  0x000001d07eb54800 JavaThread "Attach Listener" daemon [_thread_blocked, id=31220, stack(0x000000afeb600000,0x000000afeb700000)]
  0x000001d07eb53800 JavaThread "Signal Dispatcher" daemon [_thread_blocked, id=31372, stack(0x000000afeb500000,0x000000afeb600000)]
  0x000001d07eb21000 JavaThread "Finalizer" daemon [_thread_blocked, id=19848, stack(0x000000afeb400000,0x000000afeb500000)]
  0x000001d07eb19800 JavaThread "Reference Handler" daemon [_thread_blocked, id=15892, stack(0x000000afeb300000,0x000000afeb400000)]
  0x000001d063f05800 JavaThread "main" [_thread_in_vm, id=18032, stack(0x000000afea900000,0x000000afeaa00000)]

Other Threads:
  0x000001d07eaee000 VMThread [stack: 0x000000afeb200000,0x000000afeb300000] [id=30988]
  0x000001d000c25800 WatcherThread [stack: 0x000000afebd00000,0x000000afebe00000] [id=30664]

VM state:not at safepoint (normal execution)

VM Mutex/Monitor currently owned by a thread: None

heap address: 0x00000006c3600000, size: 4042 MB, Compressed Oops mode: Zero based, Oop shift amount: 3
Narrow klass base: 0x0000000000000000, Narrow klass shift: 3
Compressed class space size: 1073741824 Address: 0x00000007c0000000

Heap:
 PSYoungGen      total 75776K, used 48396K [0x000000076bd00000, 0x0000000771180000, 0x00000007c0000000)
  eden space 65024K, 74% used [0x000000076bd00000,0x000000076ec43210,0x000000076fc80000)
  from space 10752K, 0% used [0x0000000770700000,0x0000000770700000,0x0000000771180000)
  to   space 10752K, 0% used [0x000000076fc80000,0x000000076fc80000,0x0000000770700000)
 ParOldGen       total 173568K, used 0K [0x00000006c3600000, 0x00000006cdf80000, 0x000000076bd00000)
  object space 173568K, 0% used [0x00000006c3600000,0x00000006c3600000,0x00000006cdf80000)
 Metaspace       used 12310K, capacity 12456K, committed 12544K, reserved 1062912K
  class space    used 1495K, capacity 1526K, committed 1536K, reserved 1048576K

Card table byte_map: [0x000001d074cf0000,0x000001d0754e0000] byte_map_base: 0x000001d0716d5000

Marking Bits: (ParMarkBitMap*) 0x0000000062017fe0
 Begin Bits: [0x000001d075a30000, 0x000001d079958000)
 End Bits:   [0x000001d079958000, 0x000001d07d880000)

Polling page: 0x000001d065900000

CodeCache: size=245760Kb used=3325Kb max_used=3325Kb free=242434Kb
 bounds [0x000001d065930000, 0x000001d065c80000, 0x000001d074930000]
 total_blobs=1111 nmethods=782 adapters=241
 compilation: enabled

Compilation events (10 events):
Event: 1.388 Thread 0x000001d000b26000 nmethod 763 0x000001d065c63110 code [0x000001d065c63280, 0x000001d065c63558]
Event: 1.388 Thread 0x000001d000b26000  764       3       java.util.AbstractSequentialList::<init> (5 bytes)
Event: 1.389 Thread 0x000001d000b26000 nmethod 764 0x000001d065c636d0 code [0x000001d065c63840, 0x000001d065c63ab8]
Event: 1.390 Thread 0x000001d000b18800  765       4       sun.reflect.generics.parser.SignatureParser::advance (37 bytes)
Event: 1.390 Thread 0x000001d000b26000  766       3       org.springframework.asm.ClassReader::readInt (52 bytes)
Event: 1.390 Thread 0x000001d000b18800 nmethod 765 0x000001d065c66810 code [0x000001d065c66940, 0x000001d065c66998]
Event: 1.390 Thread 0x000001d000b26000 nmethod 766 0x000001d065c66350 code [0x000001d065c664c0, 0x000001d065c666d8]
Event: 1.393 Thread 0x000001d000b26000  767   !   3       sun.net.www.ParseUtil::decode (316 bytes)
Event: 1.394 Thread 0x000001d000b18800  769       4       java.lang.CharacterDataLatin1::isWhitespace (23 bytes)
Event: 1.395 Thread 0x000001d000b18800 nmethod 769 0x000001d065c64bd0 code [0x000001d065c64d00, 0x000001d065c64d98]

GC Heap History (0 events):
No events

Deoptimization events (6 events):
Event: 0.592 Thread 0x000001d063f05800 Uncommon trap: reason=unstable_if action=reinterpret pc=0x000001d065ad00e4 method=sun.misc.MetaIndex.mayContain(Ljava/lang/String;)Z @ 38
Event: 1.074 Thread 0x000001d063f05800 Uncommon trap: reason=unstable_if action=reinterpret pc=0x000001d065bd74f4 method=com.sun.org.apache.xerces.internal.impl.XMLEntityScanner.checkBeforeLoad(Lcom/sun/xml/internal/stream/Entity$ScannedEntity;II)I @ 18
Event: 1.193 Thread 0x000001d063f05800 Uncommon trap: reason=unstable_if action=reinterpret pc=0x000001d065bafc6c method=java.io.WinNTFileSystem.normalize(Ljava/lang/String;)Ljava/lang/String; @ 128
Event: 1.194 Thread 0x000001d063f05800 Uncommon trap: reason=unstable_if action=reinterpret pc=0x000001d065abd874 method=java.lang.String.indexOf([CII[CIII)I @ 3
Event: 1.297 Thread 0x000001d063f05800 Uncommon trap: reason=unstable_if action=reinterpret pc=0x000001d065b4f0e0 method=java.lang.AbstractStringBuilder.append(Ljava/lang/String;)Ljava/lang/AbstractStringBuilder; @ 1
Event: 1.297 Thread 0x000001d063f05800 Uncommon trap: reason=unstable_if action=reinterpret pc=0x000001d065b3915c method=java.lang.AbstractStringBuilder.append(Ljava/lang/String;)Ljava/lang/AbstractStringBuilder; @ 1

Classes redefined (0 events):
No events

Internal exceptions (10 events):
Event: 0.789 Thread 0x000001d063f05800 Exception <a 'java/lang/ArrayIndexOutOfBoundsException'> (0x000000076d11b018) thrown at [C:\jenkins\workspace\8-2-build-windows-amd64-cygwin\jdk8u301\1513\hotspot\src\share\vm\runtime\sharedRuntime.cpp, line 609]
Event: 0.813 Thread 0x000001d063f05800 Exception <a 'java/lang/ArrayIndexOutOfBoundsException'> (0x000000076d207e58) thrown at [C:\jenkins\workspace\8-2-build-windows-amd64-cygwin\jdk8u301\1513\hotspot\src\share\vm\runtime\sharedRuntime.cpp, line 609]
Event: 0.815 Thread 0x000001d063f05800 Exception <a 'java/lang/ArrayIndexOutOfBoundsException'> (0x000000076d224238) thrown at [C:\jenkins\workspace\8-2-build-windows-amd64-cygwin\jdk8u301\1513\hotspot\src\share\vm\runtime\sharedRuntime.cpp, line 609]
Event: 0.815 Thread 0x000001d063f05800 Exception <a 'java/lang/ArrayIndexOutOfBoundsException'> (0x000000076d225a10) thrown at [C:\jenkins\workspace\8-2-build-windows-amd64-cygwin\jdk8u301\1513\hotspot\src\share\vm\runtime\sharedRuntime.cpp, line 609]
Event: 0.991 Thread 0x000001d063f05800 Exception <a 'java/security/PrivilegedActionException'> (0x000000076dab8e98) thrown at [C:\jenkins\workspace\8-2-build-windows-amd64-cygwin\jdk8u301\1513\hotspot\src\share\vm\prims\jvm.cpp, line 1523]
Event: 0.991 Thread 0x000001d063f05800 Exception <a 'java/security/PrivilegedActionException'> (0x000000076dab9290) thrown at [C:\jenkins\workspace\8-2-build-windows-amd64-cygwin\jdk8u301\1513\hotspot\src\share\vm\prims\jvm.cpp, line 1523]
Event: 1.109 Thread 0x000001d063f05800 Exception <a 'java/security/PrivilegedActionException'> (0x000000076de26208) thrown at [C:\jenkins\workspace\8-2-build-windows-amd64-cygwin\jdk8u301\1513\hotspot\src\share\vm\prims\jvm.cpp, line 1523]
Event: 1.109 Thread 0x000001d063f05800 Exception <a 'java/security/PrivilegedActionException'> (0x000000076de26600) thrown at [C:\jenkins\workspace\8-2-build-windows-amd64-cygwin\jdk8u301\1513\hotspot\src\share\vm\prims\jvm.cpp, line 1523]
Event: 1.297 Thread 0x000001d063f05800 Implicit null exception at 0x000001d065b4ed16 to 0x000001d065b4f0c9
Event: 1.297 Thread 0x000001d063f05800 Implicit null exception at 0x000001d065b38d96 to 0x000001d065b39145

Events (10 events):
Event: 1.386 loading class org/springframework/context/annotation/ConfigurationCondition$ConfigurationPhase
Event: 1.386 loading class org/springframework/context/annotation/ConfigurationCondition$ConfigurationPhase done
Event: 1.386 loading class org/springframework/context/annotation/ConfigurationClassParser$SourceClass
Event: 1.386 loading class org/springframework/context/annotation/ConfigurationClassParser$SourceClass done
Event: 1.391 loading class org/springframework/context/annotation/PropertySources
Event: 1.391 loading class org/springframework/context/annotation/PropertySources done
Event: 1.392 loading class org/springframework/context/annotation/PropertySource
Event: 1.392 loading class org/springframework/context/annotation/PropertySource done
Event: 1.393 loading class sun/reflect/UnsafeQualifiedStaticObjectFieldAccessorImpl
Event: 1.394 loading class sun/reflect/UnsafeQualifiedStaticObjectFieldAccessorImpl done


Dynamic libraries:
0x00007ff729660000 - 0x00007ff7296a7000 	D:\SoftWare\jdk8\bin\java.exe
0x00007ff938d70000 - 0x00007ff938f68000 	C:\Windows\SYSTEM32\ntdll.dll
0x00007ff937020000 - 0x00007ff9370df000 	C:\Windows\System32\KERNEL32.DLL
0x00007ff936470000 - 0x00007ff936742000 	C:\Windows\System32\KERNELBASE.dll
0x00007ff938a70000 - 0x00007ff938b1e000 	C:\Windows\System32\ADVAPI32.dll
0x00007ff938560000 - 0x00007ff9385fe000 	C:\Windows\System32\msvcrt.dll
0x00007ff936f80000 - 0x00007ff93701c000 	C:\Windows\System32\sechost.dll
0x00007ff9379d0000 - 0x00007ff937af5000 	C:\Windows\System32\RPCRT4.dll
0x00007ff9370e0000 - 0x00007ff93727d000 	C:\Windows\System32\USER32.dll
0x00007ff9369c0000 - 0x00007ff9369e2000 	C:\Windows\System32\win32u.dll
0x00007ff938530000 - 0x00007ff93855b000 	C:\Windows\System32\GDI32.dll
0x00007ff936cb0000 - 0x00007ff936dbf000 	C:\Windows\System32\gdi32full.dll
0x00007ff9368b0000 - 0x00007ff93694d000 	C:\Windows\System32\msvcp_win.dll
0x00007ff936ad0000 - 0x00007ff936bd0000 	C:\Windows\System32\ucrtbase.dll
0x00007ff918d40000 - 0x00007ff918fda000 	C:\Windows\WinSxS\amd64_microsoft.windows.common-controls_6595b64144ccf1df_6.0.19041.1110_none_60b5254171f9507e\COMCTL32.dll
0x00007ff936dc0000 - 0x00007ff936df2000 	C:\Windows\System32\IMM32.DLL
0x00007ff8f0be0000 - 0x00007ff8f0bf5000 	D:\SoftWare\jdk8\jre\bin\vcruntime140.dll
0x00007ff8e7fc0000 - 0x00007ff8e805b000 	D:\SoftWare\jdk8\jre\bin\msvcp140.dll
0x0000000061830000 - 0x0000000062090000 	D:\SoftWare\jdk8\jre\bin\server\jvm.dll
0x00007ff9386f0000 - 0x00007ff9386f8000 	C:\Windows\System32\PSAPI.DLL
0x00007ff91a350000 - 0x00007ff91a377000 	C:\Windows\SYSTEM32\WINMM.dll
0x00007ff919990000 - 0x00007ff919999000 	C:\Windows\SYSTEM32\WSOCK32.dll
0x00007ff92c210000 - 0x00007ff92c21a000 	C:\Windows\SYSTEM32\VERSION.dll
0x00007ff938600000 - 0x00007ff93866b000 	C:\Windows\System32\WS2_32.dll
0x00007ff934cc0000 - 0x00007ff934cd2000 	C:\Windows\SYSTEM32\kernel.appcore.dll
0x00007ff932b90000 - 0x00007ff932ba0000 	D:\SoftWare\jdk8\jre\bin\verify.dll
0x00007ff8ea830000 - 0x00007ff8ea85b000 	D:\SoftWare\jdk8\jre\bin\java.dll
0x00007ff8e8e60000 - 0x00007ff8e8e90000 	D:\SoftWare\jdk8\jre\bin\instrument.dll
0x00007ff8eace0000 - 0x00007ff8eacf8000 	D:\SoftWare\jdk8\jre\bin\zip.dll
0x00007ff937280000 - 0x00007ff9379c3000 	C:\Windows\System32\SHELL32.dll
0x00007ff9340d0000 - 0x00007ff934862000 	C:\Windows\SYSTEM32\windows.storage.dll
0x00007ff937f70000 - 0x00007ff9382c4000 	C:\Windows\System32\combase.dll
0x00007ff935ed0000 - 0x00007ff935f00000 	C:\Windows\SYSTEM32\Wldp.dll
0x00007ff9382d0000 - 0x00007ff93837d000 	C:\Windows\System32\SHCORE.dll
0x00007ff938b80000 - 0x00007ff938bd5000 	C:\Windows\System32\shlwapi.dll
0x00007ff9363b0000 - 0x00007ff9363cf000 	C:\Windows\SYSTEM32\profapi.dll
0x00007ff8e77c0000 - 0x00007ff8e77da000 	D:\SoftWare\IntelliJ IDEA 2021.2\bin\breakgen64.dll
0x00007ff8ea400000 - 0x00007ff8ea41c000 	D:\SoftWare\jdk8\jre\bin\net.dll
0x00007ff935c30000 - 0x00007ff935c9a000 	C:\Windows\system32\mswsock.dll
0x00007ff912540000 - 0x00007ff91256f000 	C:\Program Files (x86)\Sangfor\SSL\ClientComponent\SangforNspX64.dll
0x00007ff938820000 - 0x00007ff93894a000 	C:\Windows\System32\ole32.dll
0x00007ff938be0000 - 0x00007ff938cad000 	C:\Windows\System32\OLEAUT32.dll
0x00007ff912520000 - 0x00007ff912537000 	C:\Windows\system32\napinsp.dll
0x00007ff912500000 - 0x00007ff91251b000 	C:\Windows\system32\pnrpnsp.dll
0x00007ff930630000 - 0x00007ff930645000 	C:\Windows\system32\wshbth.dll
0x00007ff930600000 - 0x00007ff93061d000 	C:\Windows\system32\NLAapi.dll
0x00007ff9358d0000 - 0x00007ff93590b000 	C:\Windows\SYSTEM32\IPHLPAPI.DLL
0x00007ff935910000 - 0x00007ff9359da000 	C:\Windows\SYSTEM32\DNSAPI.dll
0x00007ff936ee0000 - 0x00007ff936ee8000 	C:\Windows\System32\NSI.dll
0x00007ff9124e0000 - 0x00007ff9124f2000 	C:\Windows\System32\winrnr.dll
0x00007ff92bd20000 - 0x00007ff92bd2a000 	C:\Windows\System32\rasadhlp.dll
0x00007ff926e60000 - 0x00007ff926ee0000 	C:\Windows\System32\fwpuclnt.dll
0x00007ff9369f0000 - 0x00007ff936a17000 	C:\Windows\System32\bcrypt.dll
0x00007ff934ab0000 - 0x00007ff934c94000 	C:\Windows\SYSTEM32\dbghelp.dll
0x00007ff936bd0000 - 0x00007ff936c52000 	C:\Windows\System32\bcryptPrimitives.dll

VM Arguments:
jvm_args: -javaagent:D:\SoftWare\IntelliJ IDEA 2021.2\lib\idea_rt.jar=58895:D:\SoftWare\IntelliJ IDEA 2021.2\bin -Dfile.encoding=UTF-8 
java_command: com.w3cspring.annotationconfig.AutowireAnnotation.MainApp
java_class_path (initial): D:\SoftWare\jdk8\jre\lib\charsets.jar;D:\SoftWare\jdk8\jre\lib\deploy.jar;D:\SoftWare\jdk8\jre\lib\ext\access-bridge-64.jar;D:\SoftWare\jdk8\jre\lib\ext\cldrdata.jar;D:\SoftWare\jdk8\jre\lib\ext\dnsns.jar;D:\SoftWare\jdk8\jre\lib\ext\jaccess.jar;D:\SoftWare\jdk8\jre\lib\ext\jfxrt.jar;D:\SoftWare\jdk8\jre\lib\ext\localedata.jar;D:\SoftWare\jdk8\jre\lib\ext\nashorn.jar;D:\SoftWare\jdk8\jre\lib\ext\sunec.jar;D:\SoftWare\jdk8\jre\lib\ext\sunjce_provider.jar;D:\SoftWare\jdk8\jre\lib\ext\sunmscapi.jar;D:\SoftWare\jdk8\jre\lib\ext\sunpkcs11.jar;D:\SoftWare\jdk8\jre\lib\ext\zipfs.jar;D:\SoftWare\jdk8\jre\lib\javaws.jar;D:\SoftWare\jdk8\jre\lib\jce.jar;D:\SoftWare\jdk8\jre\lib\jfr.jar;D:\SoftWare\jdk8\jre\lib\jfxswt.jar;D:\SoftWare\jdk8\jre\lib\jsse.jar;D:\SoftWare\jdk8\jre\lib\management-agent.jar;D:\SoftWare\jdk8\jre\lib\plugin.jar;D:\SoftWare\jdk8\jre\lib\resources.jar;D:\SoftWare\jdk8\jre\lib\rt.jar;C:\Users\sunupo\IdeaProjects\JavaStudy\target\classes;C:\Users\sunupo\.m2\repository\junit\junit\4.11\junit-4.11.jar;C:\Users\sunupo\.m2\repository\org\hamcrest\hamcrest-core\1.3\hamcrest-core-1.3.jar;C:\Users\sunupo\.m2\repository\ch\qos\logback\logback-classic\1.1.1\logback-classic-1.1.1.jar;C:\Users\sunupo\.m2\repository\ch\qos\logback\logback-core\1.1.1\logback-core-1.1.1.jar;C:\Users\sunupo\.m2\repository\org\slf4j\slf4j-api\1.7.6\slf4j-api-1.7.6.jar;C:\Users\sunupo\.m2\repository\mysql\mysql-connector-java\8.0.28\mysql-connector-java-8.0.28.jar;C:\Users\sunupo\.m2\repository\com\google\protobuf\protobuf-java\3.11.4\protobuf-java-3.11.4.jar;C:\Users\sunupo\.m2\repository\c3p0\c3p0\0.9.1.2\c3p0-0.9.1.2.jar;C:\Users\sunupo\.m2\repository\org\mybatis\mybatis\3.3.0\mybatis-3.3.0.jar;C:\Users\sunupo\.m2\repository\org\mybatis\mybatis-spring\1.2.3\mybatis-spring-1.2.3.jar;C:\Users\sunupo\.m2\repository\taglibs\standard\1.1.2\standard-1.1.2.jar;C:\Users\sunupo\.m2\repository\jstl\jstl\1.2\jstl-1.2.jar;C:\Users\sunupo\.m2\repository\com\fasterxml\jac
Launcher Type: SUN_STANDARD

Environment Variables:
PATH=D:\SoftWare\VMware\VMwareWorkstation\bin\;C:\Program Files (x86)\Common Files\Oracle\Java\javapath;D:\SoftWare\xftp\;C:\Program Files\NVIDIA GPU Computing Toolkit\CUDA\v10.0\bin;C:\Program Files\NVIDIA GPU Computing Toolkit\CUDA\v10.0\libnvvp;C:\Program Files\NVIDIA GPU Computing Toolkit\CUDA\v11.1\bin;C:\Program Files\NVIDIA GPU Computing Toolkit\CUDA\v11.1\libnvvp;C:\Windows\system32;C:\Windows;C:\Windows\System32\Wbem;C:\Windows\System32\WindowsPowerShell\v1.0\;C:\Windows\System32\OpenSSH\;C:\Program Files (x86)\NVIDIA Corporation\PhysX\Common;C:\Program Files\NVIDIA Corporation\NVIDIA NvDLISR;D:\SoftWare\Git\cmd;D:\SoftWare\xshell\Xftp 7\;D:\SoftWare\xshell\;D:\SoftWare\mingw64\bin;C:\Program Files\MySQL\MySQL Shell 8.0\bin\;C:\Users\sunupo\AppData\Local\Microsoft\WindowsApps;;D:\SoftWare\PyCharm\bin;;D:\SoftWare\Bandizip\;D:\SoftWare\texlive\2020\bin\win32;D:\SOftWare\JetBrains\CLion 2021.2.1\bin;
USERNAME=sunupo
OS=Windows_NT
PROCESSOR_IDENTIFIER=Intel64 Family 6 Model 140 Stepping 1, GenuineIntel



---------------  S Y S T E M  ---------------

OS: Windows 10.0 , 64 bit Build 19041 (10.0.19041.2251)

CPU:total 8 (initial active 8) (4 cores per cpu, 2 threads per core) family 6 model 140 stepping 1, cmov, cx8, fxsr, mmx, sse, sse2, sse3, ssse3, sse4.1, sse4.2, popcnt, avx, avx2, aes, clmul, erms, 3dnowpref, lzcnt, ht, tsc, tscinvbit, bmi1, bmi2, adx

Memory: 4k page, physical 16555320k(6164048k free), swap 20749624k(5128k free)

vm_info: Java HotSpot(TM) 64-Bit Server VM (25.301-b09) for windows-amd64 JRE (1.8.0_301-b09), built on Jun  9 2021 06:46:21 by "java_re" with MS VC++ 15.9 (VS2017)

time: Sat Nov 26 16:32:07 2022
timezone: 中国标准时间
elapsed time: 1.435632 seconds (0d 0h 0m 1s)

