#
# There is insufficient memory for the Java Runtime Environment to continue.
# Native memory allocation (malloc) failed to allocate 262160 bytes for Chunk::new
# Possible reasons:
#   The system is out of physical RAM or swap space
#   The process is running with CompressedOops enabled, and the Java Heap may be blocking the growth of the native heap
# Possible solutions:
#   Reduce memory load on the system
#   Increase physical memory or swap space
#   Check if swap backing store is full
#   Decrease Java heap size (-Xmx/-Xms)
#   Decrease number of Java threads
#   Decrease Java thread stack sizes (-Xss)
#   Set larger code cache with -XX:ReservedCodeCacheSize=
#   JVM is running with Zero Based Compressed Oops mode in which the Java heap is
#     placed in the first 32GB address space. The Java Heap base address is the
#     maximum limit for the native heap growth. Please use -XX:HeapBaseMinAddress
#     to set the Java Heap base and to place the Java Heap above 32GB virtual address.
# This output file may be truncated or incomplete.
#
#  Out of Memory Error (allocation.cpp:389), pid=7968, tid=0x0000000000003d30
#
# JRE version: Java(TM) SE Runtime Environment (8.0_301-b09) (build 1.8.0_301-b09)
# Java VM: Java HotSpot(TM) 64-Bit Server VM (25.301-b09 mixed mode windows-amd64 compressed oops)
# Failed to write core dump. Minidumps are not enabled by default on client versions of Windows
#

---------------  T H R E A D  ---------------

Current thread (0x000001e94cfc0800):  JavaThread "C2 CompilerThread1" daemon [_thread_in_native, id=15664, stack(0x000000e84e600000,0x000000e84e700000)]

Stack: [0x000000e84e600000,0x000000e84e700000]
Native frames: (J=compiled Java code, j=interpreted, Vv=VM code, C=native code)
V  [jvm.dll+0x32ed79]
V  [jvm.dll+0x275722]
V  [jvm.dll+0x2763cd]
V  [jvm.dll+0x26ce05]
V  [jvm.dll+0xd551c]
V  [jvm.dll+0xd5d1c]
V  [jvm.dll+0xd586d]
V  [jvm.dll+0x4c656f]
V  [jvm.dll+0x4b24f1]
V  [jvm.dll+0x4b66a2]
V  [jvm.dll+0x4b6d77]
V  [jvm.dll+0x4b5b5e]
V  [jvm.dll+0x440a5e]
V  [jvm.dll+0x440015]
V  [jvm.dll+0x42ae57]
V  [jvm.dll+0xac1bb]
V  [jvm.dll+0xaa81b]
V  [jvm.dll+0x23ddc2]
V  [jvm.dll+0x2923dc]
C  [ucrtbase.dll+0x21bb2]
C  [KERNEL32.DLL+0x17614]
C  [ntdll.dll+0x526a1]


Current CompileTask:
C2:   1183 1554       4       java.net.URLClassLoader$1::run (5 bytes)


---------------  P R O C E S S  ---------------

Java Threads: ( => current thread )
  0x000001e94d07a000 JavaThread "Service Thread" daemon [_thread_blocked, id=12440, stack(0x000000e84e900000,0x000000e84ea00000)]
  0x000001e94cfc4000 JavaThread "C1 CompilerThread3" daemon [_thread_in_native, id=5824, stack(0x000000e84e800000,0x000000e84e900000)]
  0x000001e94cfc1800 JavaThread "C2 CompilerThread2" daemon [_thread_in_native, id=5680, stack(0x000000e84e700000,0x000000e84e800000)]
=>0x000001e94cfc0800 JavaThread "C2 CompilerThread1" daemon [_thread_in_native, id=15664, stack(0x000000e84e600000,0x000000e84e700000)]
  0x000001e94cfbe000 JavaThread "C2 CompilerThread0" daemon [_thread_in_native, id=2876, stack(0x000000e84e500000,0x000000e84e600000)]
  0x000001e94cfba000 JavaThread "Monitor Ctrl-Break" daemon [_thread_in_native, id=4672, stack(0x000000e84e400000,0x000000e84e500000)]
  0x000001e94bd7e000 JavaThread "Attach Listener" daemon [_thread_blocked, id=10100, stack(0x000000e84e300000,0x000000e84e400000)]
  0x000001e94bd29800 JavaThread "Signal Dispatcher" daemon [_thread_blocked, id=8836, stack(0x000000e84e200000,0x000000e84e300000)]
  0x000001e94bcf4800 JavaThread "Finalizer" daemon [_thread_blocked, id=13684, stack(0x000000e84e100000,0x000000e84e200000)]
  0x000001e94bcec800 JavaThread "Reference Handler" daemon [_thread_blocked, id=18420, stack(0x000000e84e000000,0x000000e84e100000)]
  0x000001e9305b6800 JavaThread "main" [_thread_in_Java, id=19420, stack(0x000000e84d600000,0x000000e84d700000)]

Other Threads:
  0x000001e94bcc1800 VMThread [stack: 0x000000e84df00000,0x000000e84e000000] [id=6184]
  0x000001e94d0da800 WatcherThread [stack: 0x000000e84ea00000,0x000000e84eb00000] [id=14324]

VM state:not at safepoint (normal execution)

VM Mutex/Monitor currently owned by a thread: None

heap address: 0x00000006c3600000, size: 4042 MB, Compressed Oops mode: Zero based, Oop shift amount: 3
Narrow klass base: 0x0000000000000000, Narrow klass shift: 3
Compressed class space size: 1073741824 Address: 0x00000007c0000000

Heap:
 PSYoungGen      total 75776K, used 51380K [0x000000076bd00000, 0x0000000771180000, 0x00000007c0000000)
  eden space 65024K, 65% used [0x000000076bd00000,0x000000076e677f40,0x000000076fc80000)
  from space 10752K, 82% used [0x000000076fc80000,0x0000000770535400,0x0000000770700000)
  to   space 10752K, 0% used [0x0000000770700000,0x0000000770700000,0x0000000771180000)
 ParOldGen       total 173568K, used 16K [0x00000006c3600000, 0x00000006cdf80000, 0x000000076bd00000)
  object space 173568K, 0% used [0x00000006c3600000,0x00000006c3604000,0x00000006cdf80000)
 Metaspace       used 15570K, capacity 15914K, committed 16128K, reserved 1062912K
  class space    used 1894K, capacity 2006K, committed 2048K, reserved 1048576K

Card table byte_map: [0x000001e941480000,0x000001e941c70000] byte_map_base: 0x000001e93de65000

Marking Bits: (ParMarkBitMap*) 0x0000000068e17fe0
 Begin Bits: [0x000001e9421c0000, 0x000001e9460e8000)
 End Bits:   [0x000001e9460e8000, 0x000001e94a010000)

Polling page: 0x000001e9307c0000

CodeCache: size=245760Kb used=5861Kb max_used=5861Kb free=239898Kb
 bounds [0x000001e9320c0000, 0x000001e932680000, 0x000001e9410c0000]
 total_blobs=2040 nmethods=1683 adapters=269
 compilation: enabled

Compilation events (10 events):
Event: 1.160 Thread 0x000001e94cfc4000 1632       3       java.util.Collections$UnmodifiableMap$UnmodifiableEntrySet$1::next (5 bytes)
Event: 1.161 Thread 0x000001e94cfc4000 nmethod 1632 0x000001e93264fa50 code [0x000001e93264fc00, 0x000001e932650220]
Event: 1.161 Thread 0x000001e94cfc4000 1633       3       java.util.Collections$UnmodifiableMap$UnmodifiableEntrySet$1::next (20 bytes)
Event: 1.161 Thread 0x000001e94cfc4000 nmethod 1633 0x000001e9326570d0 code [0x000001e932657280, 0x000001e932657820]
Event: 1.161 Thread 0x000001e94cfc4000 1634       3       java.util.Collections$UnmodifiableMap$UnmodifiableEntrySet$UnmodifiableEntry::<init> (16 bytes)
Event: 1.161 Thread 0x000001e94cfc4000 nmethod 1634 0x000001e93264f410 code [0x000001e93264f580, 0x000001e93264f8b0]
Event: 1.161 Thread 0x000001e94cfc4000 1635       3       java.util.Collections$UnmodifiableMap$UnmodifiableEntrySet$UnmodifiableEntry::getKey (10 bytes)
Event: 1.161 Thread 0x000001e94cfc4000 nmethod 1635 0x000001e932656c90 code [0x000001e932656e00, 0x000001e932657030]
Event: 1.161 Thread 0x000001e94cfc4000 1636       3       java.util.Collections$UnmodifiableMap$UnmodifiableEntrySet$UnmodifiableEntry::getValue (10 bytes)
Event: 1.161 Thread 0x000001e94cfc4000 nmethod 1636 0x000001e932656850 code [0x000001e9326569c0, 0x000001e932656bf0]

GC Heap History (2 events):
Event: 0.808 GC heap before
{Heap before GC invocations=1 (full 0):
 PSYoungGen      total 75776K, used 65024K [0x000000076bd00000, 0x0000000771180000, 0x00000007c0000000)
  eden space 65024K, 100% used [0x000000076bd00000,0x000000076fc80000,0x000000076fc80000)
  from space 10752K, 0% used [0x0000000770700000,0x0000000770700000,0x0000000771180000)
  to   space 10752K, 0% used [0x000000076fc80000,0x000000076fc80000,0x0000000770700000)
 ParOldGen       total 173568K, used 0K [0x00000006c3600000, 0x00000006cdf80000, 0x000000076bd00000)
  object space 173568K, 0% used [0x00000006c3600000,0x00000006c3600000,0x00000006cdf80000)
 Metaspace       used 10892K, capacity 10984K, committed 11136K, reserved 1058816K
  class space    used 1326K, capacity 1380K, committed 1408K, reserved 1048576K
Event: 0.813 GC heap after
Heap after GC invocations=1 (full 0):
 PSYoungGen      total 75776K, used 8917K [0x000000076bd00000, 0x0000000771180000, 0x00000007c0000000)
  eden space 65024K, 0% used [0x000000076bd00000,0x000000076bd00000,0x000000076fc80000)
  from space 10752K, 82% used [0x000000076fc80000,0x0000000770535400,0x0000000770700000)
  to   space 10752K, 0% used [0x0000000770700000,0x0000000770700000,0x0000000771180000)
 ParOldGen       total 173568K, used 16K [0x00000006c3600000, 0x00000006cdf80000, 0x000000076bd00000)
  object space 173568K, 0% used [0x00000006c3600000,0x00000006c3604000,0x00000006cdf80000)
 Metaspace       used 10892K, capacity 10984K, committed 11136K, reserved 1058816K
  class space    used 1326K, capacity 1380K, committed 1408K, reserved 1048576K
}

Deoptimization events (10 events):
Event: 0.703 Thread 0x000001e9305b6800 Uncommon trap: reason=unstable_if action=reinterpret pc=0x000001e932343c04 method=sun.nio.cs.UTF_8$Decoder.decode([BII[C)I @ 30
Event: 1.067 Thread 0x000001e9305b6800 Uncommon trap: reason=unstable_if action=reinterpret pc=0x000001e9325ef058 method=org.eclipse.sisu.inject.InjectorBindings.isAssignableFrom(Lcom/google/inject/TypeLiteral;Lcom/google/inject/Binding;)Z @ 14
Event: 1.068 Thread 0x000001e9305b6800 Uncommon trap: reason=null_check action=make_not_entrant pc=0x000001e9322e5380 method=java.lang.String.equals(Ljava/lang/Object;)Z @ 8
Event: 1.103 Thread 0x000001e9305b6800 Uncommon trap: reason=null_check action=make_not_entrant pc=0x000001e93262568c method=java.net.URL.getURLStreamHandler(Ljava/lang/String;)Ljava/net/URLStreamHandler; @ 7
Event: 1.103 Thread 0x000001e9305b6800 Uncommon trap: reason=unstable_if action=reinterpret pc=0x000001e9326176bc method=sun.net.util.IPAddressUtil.scan(Ljava/lang/String;JJ[C)I @ 14
Event: 1.104 Thread 0x000001e9305b6800 Uncommon trap: reason=unstable_if action=reinterpret pc=0x000001e9325eaeb8 method=sun.net.util.IPAddressUtil.scan(Ljava/lang/String;JJ[C)I @ 14
Event: 1.117 Thread 0x000001e9305b6800 Uncommon trap: reason=unstable_if action=reinterpret pc=0x000001e93237d1ec method=sun.nio.cs.UTF_8$Decoder.decodeArrayLoop(Ljava/nio/ByteBuffer;Ljava/nio/CharBuffer;)Ljava/nio/charset/CoderResult; @ 84
Event: 1.125 Thread 0x000001e9305b6800 Uncommon trap: reason=unstable_if action=reinterpret pc=0x000001e9322e2bb8 method=sun.misc.MetaIndex.mayContain(Ljava/lang/String;)Z @ 38
Event: 1.126 Thread 0x000001e9305b6800 Uncommon trap: reason=unstable_if action=reinterpret pc=0x000001e932346fbc method=sun.net.www.ParseUtil.encodePath(Ljava/lang/String;Z)Ljava/lang/String; @ 109
Event: 1.137 Thread 0x000001e9305b6800 Uncommon trap: reason=unstable_if action=reinterpret pc=0x000001e932287618 method=java.lang.String.replace(CC)Ljava/lang/String; @ 2

Classes redefined (0 events):
No events

Internal exceptions (10 events):
Event: 0.570 Thread 0x000001e9305b6800 Exception <a 'java/lang/ArrayIndexOutOfBoundsException'> (0x000000076d776e20) thrown at [C:\jenkins\workspace\8-2-build-windows-amd64-cygwin\jdk8u301\1513\hotspot\src\share\vm\runtime\sharedRuntime.cpp, line 609]
Event: 0.574 Thread 0x000001e9305b6800 Exception <a 'java/lang/ArrayIndexOutOfBoundsException'> (0x000000076d7be580) thrown at [C:\jenkins\workspace\8-2-build-windows-amd64-cygwin\jdk8u301\1513\hotspot\src\share\vm\runtime\sharedRuntime.cpp, line 609]
Event: 0.635 Thread 0x000001e9305b6800 Exception <a 'java/lang/ArrayIndexOutOfBoundsException'> (0x000000076e1d8a80) thrown at [C:\jenkins\workspace\8-2-build-windows-amd64-cygwin\jdk8u301\1513\hotspot\src\share\vm\runtime\sharedRuntime.cpp, line 609]
Event: 0.636 Thread 0x000001e9305b6800 Exception <a 'java/lang/ArrayIndexOutOfBoundsException'> (0x000000076e1dd3e0) thrown at [C:\jenkins\workspace\8-2-build-windows-amd64-cygwin\jdk8u301\1513\hotspot\src\share\vm\runtime\sharedRuntime.cpp, line 609]
Event: 0.672 Thread 0x000001e9305b6800 Exception <a 'java/lang/ArrayIndexOutOfBoundsException': 66> (0x000000076e578bf0) thrown at [C:\jenkins\workspace\8-2-build-windows-amd64-cygwin\jdk8u301\1513\hotspot\src\share\vm\interpreter\interpreterRuntime.cpp, line 371]
Event: 1.014 Thread 0x000001e9305b6800 Exception <a 'java/lang/NoClassDefFoundError': com/google/inject/servlet/ServletModuleTargetVisitor> (0x000000076d5788d8) thrown at [C:\jenkins\workspace\8-2-build-windows-amd64-cygwin\jdk8u301\1513\hotspot\src\share\vm\classfile\systemDictionary.cpp, lin
Event: 1.014 Thread 0x000001e9305b6800 Exception <a 'java/lang/NoClassDefFoundError'> (0x000000076d5788d8) thrown at [C:\jenkins\workspace\8-2-build-windows-amd64-cygwin\jdk8u301\1513\hotspot\src\share\vm\prims\jvm.cpp, line 1527]
Event: 1.014 Thread 0x000001e9305b6800 Exception <a 'java/lang/NoClassDefFoundError': javax/annotation/Priority> (0x000000076d57d6e0) thrown at [C:\jenkins\workspace\8-2-build-windows-amd64-cygwin\jdk8u301\1513\hotspot\src\share\vm\classfile\systemDictionary.cpp, line 201]
Event: 1.068 Thread 0x000001e9305b6800 Implicit null exception at 0x000001e9322e519c to 0x000001e9322e5371
Event: 1.103 Thread 0x000001e9305b6800 Implicit null exception at 0x000001e932623b9f to 0x000001e932625681

Events (10 events):
Event: 1.159 loading class org/eclipse/aether/repository/LocalArtifactRequest
Event: 1.159 loading class org/eclipse/aether/repository/LocalArtifactRequest done
Event: 1.160 loading class org/apache/maven/repository/internal/DefaultModelCache
Event: 1.160 loading class org/apache/maven/repository/internal/DefaultModelCache done
Event: 1.160 loading class org/apache/maven/repository/internal/DefaultModelResolver
Event: 1.160 loading class org/apache/maven/repository/internal/DefaultModelResolver done
Event: 1.161 loading class org/apache/maven/model/io/xpp3/MavenXpp3Reader
Event: 1.161 loading class org/apache/maven/model/io/xpp3/MavenXpp3Reader done
Event: 1.162 loading class org/apache/maven/model/io/xpp3/MavenXpp3Reader$ContentTransformer
Event: 1.162 loading class org/apache/maven/model/io/xpp3/MavenXpp3Reader$ContentTransformer done


Dynamic libraries:
0x00007ff70a660000 - 0x00007ff70a6a7000 	D:\SoftWare\jdk8\bin\java.exe
0x00007ffe55e10000 - 0x00007ffe56008000 	C:\Windows\SYSTEM32\ntdll.dll
0x00007ffe55c70000 - 0x00007ffe55d2f000 	C:\Windows\System32\KERNEL32.DLL
0x00007ffe536a0000 - 0x00007ffe53972000 	C:\Windows\System32\KERNELBASE.dll
0x00007ffe55700000 - 0x00007ffe557ae000 	C:\Windows\System32\ADVAPI32.dll
0x00007ffe544f0000 - 0x00007ffe5458e000 	C:\Windows\System32\msvcrt.dll
0x00007ffe55d30000 - 0x00007ffe55dcc000 	C:\Windows\System32\sechost.dll
0x00007ffe54b90000 - 0x00007ffe54cb5000 	C:\Windows\System32\RPCRT4.dll
0x00007ffe54650000 - 0x00007ffe547f1000 	C:\Windows\System32\USER32.dll
0x00007ffe53c10000 - 0x00007ffe53c32000 	C:\Windows\System32\win32u.dll
0x00007ffe54890000 - 0x00007ffe548bb000 	C:\Windows\System32\GDI32.dll
0x00007ffe53c40000 - 0x00007ffe53d4f000 	C:\Windows\System32\gdi32full.dll
0x00007ffe53550000 - 0x00007ffe535ed000 	C:\Windows\System32\msvcp_win.dll
0x00007ffe53d50000 - 0x00007ffe53e50000 	C:\Windows\System32\ucrtbase.dll
0x00007ffe3a3c0000 - 0x00007ffe3a65a000 	C:\Windows\WinSxS\amd64_microsoft.windows.common-controls_6595b64144ccf1df_6.0.19041.1110_none_60b5254171f9507e\COMCTL32.dll
0x00007ffe55c30000 - 0x00007ffe55c62000 	C:\Windows\System32\IMM32.DLL
0x00007ffe28d20000 - 0x00007ffe28d35000 	D:\SoftWare\jdk8\jre\bin\vcruntime140.dll
0x00007ffe0dec0000 - 0x00007ffe0df5b000 	D:\SoftWare\jdk8\jre\bin\msvcp140.dll
0x0000000068630000 - 0x0000000068e90000 	D:\SoftWare\jdk8\jre\bin\server\jvm.dll
0x00007ffe557b0000 - 0x00007ffe557b8000 	C:\Windows\System32\PSAPI.DLL
0x00007ffe4ed00000 - 0x00007ffe4ed09000 	C:\Windows\SYSTEM32\WSOCK32.dll
0x00007ffe4b1d0000 - 0x00007ffe4b1da000 	C:\Windows\SYSTEM32\VERSION.dll
0x00007ffe460e0000 - 0x00007ffe46107000 	C:\Windows\SYSTEM32\WINMM.dll
0x00007ffe554f0000 - 0x00007ffe5555b000 	C:\Windows\System32\WS2_32.dll
0x00007ffe51d10000 - 0x00007ffe51d22000 	C:\Windows\SYSTEM32\kernel.appcore.dll
0x00007ffe2ae60000 - 0x00007ffe2ae70000 	D:\SoftWare\jdk8\jre\bin\verify.dll
0x00007ffe27780000 - 0x00007ffe277ab000 	D:\SoftWare\jdk8\jre\bin\java.dll
0x00007ffe4e980000 - 0x00007ffe4e9b0000 	D:\SoftWare\jdk8\jre\bin\instrument.dll
0x00007ffe27760000 - 0x00007ffe27778000 	D:\SoftWare\jdk8\jre\bin\zip.dll
0x00007ffe54da0000 - 0x00007ffe554e5000 	C:\Windows\System32\SHELL32.dll
0x00007ffe51350000 - 0x00007ffe51ae2000 	C:\Windows\SYSTEM32\windows.storage.dll
0x00007ffe53f80000 - 0x00007ffe542d5000 	C:\Windows\System32\combase.dll
0x00007ffe52f60000 - 0x00007ffe52f90000 	C:\Windows\SYSTEM32\Wldp.dll
0x00007ffe55640000 - 0x00007ffe556ed000 	C:\Windows\System32\SHCORE.dll
0x00007ffe545f0000 - 0x00007ffe54645000 	C:\Windows\System32\shlwapi.dll
0x00007ffe53440000 - 0x00007ffe5345f000 	C:\Windows\SYSTEM32\profapi.dll
0x00007ffe4e960000 - 0x00007ffe4e97a000 	C:\Program Files\JetBrains\IntelliJ IDEA 2022.3\bin\breakgen64.dll
0x00007ffe21420000 - 0x00007ffe2143c000 	D:\SoftWare\jdk8\jre\bin\net.dll
0x00007ffe52cc0000 - 0x00007ffe52d2a000 	C:\Windows\system32\mswsock.dll
0x00007ffe52eb0000 - 0x00007ffe52ec8000 	C:\Windows\SYSTEM32\CRYPTSP.dll
0x00007ffe52540000 - 0x00007ffe52574000 	C:\Windows\system32\rsaenh.dll
0x00007ffe53b50000 - 0x00007ffe53b77000 	C:\Windows\System32\bcrypt.dll
0x00007ffe533c0000 - 0x00007ffe533ee000 	C:\Windows\SYSTEM32\USERENV.dll
0x00007ffe53b80000 - 0x00007ffe53c02000 	C:\Windows\System32\bcryptprimitives.dll
0x00007ffe52ed0000 - 0x00007ffe52edc000 	C:\Windows\SYSTEM32\CRYPTBASE.dll
0x00007ffe52960000 - 0x00007ffe5299b000 	C:\Windows\SYSTEM32\IPHLPAPI.DLL
0x00007ffe556f0000 - 0x00007ffe556f8000 	C:\Windows\System32\NSI.dll
0x00007ffe492a0000 - 0x00007ffe492b7000 	C:\Windows\SYSTEM32\dhcpcsvc6.DLL
0x00007ffe47e10000 - 0x00007ffe47e2d000 	C:\Windows\SYSTEM32\dhcpcsvc.DLL
0x00007ffe529a0000 - 0x00007ffe52a6b000 	C:\Windows\SYSTEM32\DNSAPI.dll
0x00007ffe21400000 - 0x00007ffe21413000 	D:\SoftWare\jdk8\jre\bin\nio.dll
0x00007ffe4e9f0000 - 0x00007ffe4e9fa000 	C:\Users\sunupo\AppData\Local\Temp\jansi-1.17.1-7104121884401002276.dll
0x00007ffe51af0000 - 0x00007ffe51cd4000 	C:\Windows\SYSTEM32\dbghelp.dll

VM Arguments:
jvm_args: -Dvisualvm.id=30249416232400 -Dmaven.multiModuleProjectDirectory=C:\Users\sunupo\IdeaProjects\JavaStudy -Djansi.passthrough=true -Dmaven.home=C:\Program Files\JetBrains\IntelliJ IDEA 2022.3\plugins\maven\lib\maven3 -Dclassworlds.conf=C:\Program Files\JetBrains\IntelliJ IDEA 2022.3\plugins\maven\lib\maven3\bin\m2.conf -Dmaven.ext.class.path=C:\Program Files\JetBrains\IntelliJ IDEA 2022.3\plugins\maven\lib\maven-event-listener.jar -javaagent:C:\Program Files\JetBrains\IntelliJ IDEA 2022.3\lib\idea_rt.jar=53700:C:\Program Files\JetBrains\IntelliJ IDEA 2022.3\bin -Dfile.encoding=UTF-8 
java_command: org.codehaus.classworlds.Launcher -Didea.version=2022.3 org.apache.maven.plugins:maven-war-plugin:2.2:exploded
java_class_path (initial): C:\Program Files\JetBrains\IntelliJ IDEA 2022.3\plugins\maven\lib\maven3\boot\plexus-classworlds-2.6.0.jar;C:\Program Files\JetBrains\IntelliJ IDEA 2022.3\plugins\maven\lib\maven3\boot\plexus-classworlds.license;C:\Program Files\JetBrains\IntelliJ IDEA 2022.3\lib\idea_rt.jar
Launcher Type: SUN_STANDARD

Environment Variables:
JAVA_HOME=D:\SoftWare\jdk8
PATH=D:\SoftWare\VMware\VMwareWorkstation\bin\;C:\Program Files (x86)\Common Files\Oracle\Java\javapath;D:\SoftWare\xftp\;C:\Windows\system32;C:\Windows;C:\Windows\System32\Wbem;C:\Windows\System32\WindowsPowerShell\v1.0\;C:\Windows\System32\OpenSSH\;D:\SoftWare\Git\cmd;D:\SoftWare\xshell\Xftp 7\;D:\SoftWare\xshell\;D:\SoftWare\mingw64\bin;C:\Program Files\MySQL\MySQL Shell 8.0\bin\;C:\Users\sunupo\AppData\Local\Microsoft\WindowsApps;D:\SoftWare\PyCharm\bin;;D:\SoftWare\Bandizip\;D:\SoftWare\texlive\2020\bin\win32;D:\SOftWare\JetBrains\CLion 2021.2.1\bin;;C:\Program Files\JetBrains\IntelliJ IDEA 2022.3\bin;;C:\Program Files\MySQL\MySQL Server 5.7\bin;D:\SoftWare\Anaconda3\condabin;"D:\SoftWare\jdk8\bin;D:\SoftWare\jdk8\jre\bin;";
USERNAME=sunupo
OS=Windows_NT
PROCESSOR_IDENTIFIER=Intel64 Family 6 Model 140 Stepping 1, GenuineIntel



---------------  S Y S T E M  ---------------

OS: Windows 10.0 , 64 bit Build 19041 (10.0.19041.2546)

CPU:total 8 (initial active 8) (4 cores per cpu, 2 threads per core) family 6 model 140 stepping 1, cmov, cx8, fxsr, mmx, sse, sse2, sse3, ssse3, sse4.1, sse4.2, popcnt, avx, avx2, aes, clmul, erms, 3dnowpref, lzcnt, ht, tsc, tscinvbit, bmi1, bmi2, adx

Memory: 4k page, physical 16555320k(2396796k free), swap 20749624k(5192k free)

vm_info: Java HotSpot(TM) 64-Bit Server VM (25.301-b09) for windows-amd64 JRE (1.8.0_301-b09), built on Jun  9 2021 06:46:21 by "java_re" with MS VC++ 15.9 (VS2017)

time: Sat Feb 25 19:14:59 2023
timezone: 中国标准时间
elapsed time: 1.188538 seconds (0d 0h 0m 1s)

