#
# There is insufficient memory for the Java Runtime Environment to continue.
# Native memory allocation (malloc) failed to allocate 1048576 bytes for AllocateHeap
# Possible reasons:
#   The system is out of physical RAM or swap space
#   The process is running with CompressedOops enabled, and the Java Heap may be blocking the growth of the native heap
# Possible solutions:
#   Reduce memory load on the system
#   Increase physical memory or swap space
#   Check if swap backing store is full
#   Decrease Java heap size (-Xmx/-Xms)
#   Decrease number of Java threads
#   Decrease Java thread stack sizes (-Xss)
#   Set larger code cache with -XX:ReservedCodeCacheSize=
#   JVM is running with Zero Based Compressed Oops mode in which the Java heap is
#     placed in the first 32GB address space. The Java Heap base address is the
#     maximum limit for the native heap growth. Please use -XX:HeapBaseMinAddress
#     to set the Java Heap base and to place the Java Heap above 32GB virtual address.
# This output file may be truncated or incomplete.
#
#  Out of Memory Error (memory/allocation.inline.hpp:61), pid=48612, tid=0x0000000000009f1c
#
# JRE version:  (8.0_301-b09) (build )
# Java VM: Java HotSpot(TM) 64-Bit Server VM (25.301-b09 mixed mode windows-amd64 compressed oops)
# Failed to write core dump. Minidumps are not enabled by default on client versions of Windows
#

---------------  T H R E A D  ---------------

Current thread (0x0000027118790800):  JavaThread "Unknown thread" [_thread_in_vm, id=40732, stack(0x000000b2b4400000,0x000000b2b4500000)]

Stack: [0x000000b2b4400000,0x000000b2b4500000]
Native frames: (J=compiled Java code, j=interpreted, Vv=VM code, C=native code)
V  [jvm.dll+0x32ed79]
V  [jvm.dll+0x275722]
V  [jvm.dll+0x2763cd]
V  [jvm.dll+0x26ce05]
V  [jvm.dll+0x509d]
V  [jvm.dll+0x3c9fec]
V  [jvm.dll+0x3c6367]
V  [jvm.dll+0xfcdcf]
V  [jvm.dll+0x20a0bb]
V  [jvm.dll+0x238ae7]
V  [jvm.dll+0x162876]
C  [java.exe+0x2312]
C  [java.exe+0x15f54]
C  [KERNEL32.DLL+0x174b4]
C  [ntdll.dll+0x526a1]


---------------  P R O C E S S  ---------------

Java Threads: ( => current thread )

Other Threads:

=>0x0000027118790800 (exited) JavaThread "Unknown thread" [_thread_in_vm, id=40732, stack(0x000000b2b4400000,0x000000b2b4500000)]

VM state:not at safepoint (normal execution)

VM Mutex/Monitor currently owned by a thread: None

heap address: 0x00000006c3600000, size: 4042 MB, Compressed Oops mode: Zero based, Oop shift amount: 3
Narrow klass base: 0x0000000000000000, Narrow klass shift: 3
Compressed class space size: 1073741824 Address: 0x00000007c0000000

Heap:
 PSYoungGen      total 75776K, used 1300K [0x000000076bd00000, 0x0000000771180000, 0x00000007c0000000)
  eden space 65024K, 2% used [0x000000076bd00000,0x000000076be451f8,0x000000076fc80000)
  from space 10752K, 0% used [0x0000000770700000,0x0000000770700000,0x0000000771180000)
  to   space 10752K, 0% used [0x000000076fc80000,0x000000076fc80000,0x0000000770700000)
 ParOldGen       total 173568K, used 0K [0x00000006c3600000, 0x00000006cdf80000, 0x000000076bd00000)
  object space 173568K, 0% used [0x00000006c3600000,0x00000006c3600000,0x00000006cdf80000)
 Metaspace       used 778K, capacity 4480K, committed 4480K, reserved 1056768K
  class space    used 76K, capacity 384K, committed 384K, reserved 1048576K

Card table byte_map: [0x0000027129530000,0x0000027129d20000] byte_map_base: 0x0000027125f15000

Marking Bits: (ParMarkBitMap*) 0x000000005beb7fe0
 Begin Bits: [0x000002712a270000, 0x000002712e198000)
 End Bits:   [0x000002712e198000, 0x00000271320c0000)

Polling page: 0x0000027118990000

CodeCache: size=245760Kb used=328Kb max_used=328Kb free=245431Kb
 bounds [0x000002711a170000, 0x000002711a3e0000, 0x0000027129170000]
 total_blobs=58 nmethods=0 adapters=38
 compilation: enabled

Compilation events (0 events):
No events

GC Heap History (0 events):
No events

Deoptimization events (0 events):
No events

Classes redefined (0 events):
No events

Internal exceptions (0 events):
No events

Events (10 events):
Event: 0.016 loading class java/lang/Short
Event: 0.016 loading class java/lang/Short done
Event: 0.016 loading class java/lang/Integer
Event: 0.016 loading class java/lang/Integer done
Event: 0.016 loading class java/lang/Long
Event: 0.017 loading class java/lang/Long done
Event: 0.017 loading class java/lang/NullPointerException
Event: 0.017 loading class java/lang/NullPointerException done
Event: 0.017 loading class java/lang/ArithmeticException
Event: 0.017 loading class java/lang/ArithmeticException done


Dynamic libraries:
0x00007ff6b80d0000 - 0x00007ff6b8117000 	D:\SoftWare\jdk8\bin\java.exe
0x00007ff8a9670000 - 0x00007ff8a9868000 	C:\Windows\SYSTEM32\ntdll.dll
0x00007ff8a85f0000 - 0x00007ff8a86af000 	C:\Windows\System32\KERNEL32.DLL
0x00007ff8a7050000 - 0x00007ff8a7322000 	C:\Windows\System32\KERNELBASE.dll
0x00007ff8a8fb0000 - 0x00007ff8a905e000 	C:\Windows\System32\ADVAPI32.dll
0x00007ff8a82e0000 - 0x00007ff8a837e000 	C:\Windows\System32\msvcrt.dll
0x00007ff8a8440000 - 0x00007ff8a84dc000 	C:\Windows\System32\sechost.dll
0x00007ff8a9500000 - 0x00007ff8a9625000 	C:\Windows\System32\RPCRT4.dll
0x00007ff8a8e00000 - 0x00007ff8a8fa1000 	C:\Windows\System32\USER32.dll
0x00007ff8a7330000 - 0x00007ff8a7352000 	C:\Windows\System32\win32u.dll
0x00007ff8a7b50000 - 0x00007ff8a7b7b000 	C:\Windows\System32\GDI32.dll
0x00007ff8a7360000 - 0x00007ff8a746f000 	C:\Windows\System32\gdi32full.dll
0x00007ff8a6e20000 - 0x00007ff8a6ebd000 	C:\Windows\System32\msvcp_win.dll
0x00007ff8a6ec0000 - 0x00007ff8a6fc0000 	C:\Windows\System32\ucrtbase.dll
0x00007ff889cf0000 - 0x00007ff889f8a000 	C:\Windows\WinSxS\amd64_microsoft.windows.common-controls_6595b64144ccf1df_6.0.19041.1110_none_60b5254171f9507e\COMCTL32.dll
0x00007ff8a8390000 - 0x00007ff8a83c2000 	C:\Windows\System32\IMM32.DLL
0x00007ff8a1cd0000 - 0x00007ff8a1ce5000 	D:\SoftWare\jdk8\jre\bin\vcruntime140.dll
0x00007ff889100000 - 0x00007ff88919b000 	D:\SoftWare\jdk8\jre\bin\msvcp140.dll
0x000000005b6d0000 - 0x000000005bf30000 	D:\SoftWare\jdk8\jre\bin\server\jvm.dll
0x00007ff8a9190000 - 0x00007ff8a9198000 	C:\Windows\System32\PSAPI.DLL
0x00007ff89b220000 - 0x00007ff89b22a000 	C:\Windows\SYSTEM32\VERSION.dll
0x00007ff86d550000 - 0x00007ff86d559000 	C:\Windows\SYSTEM32\WSOCK32.dll
0x00007ff889fa0000 - 0x00007ff889fc7000 	C:\Windows\SYSTEM32\WINMM.dll
0x00007ff8a83d0000 - 0x00007ff8a843b000 	C:\Windows\System32\WS2_32.dll
0x00007ff8a55b0000 - 0x00007ff8a55c2000 	C:\Windows\SYSTEM32\kernel.appcore.dll
0x00007ff8a1c80000 - 0x00007ff8a1c90000 	D:\SoftWare\jdk8\jre\bin\verify.dll
0x00007ff8a1c10000 - 0x00007ff8a1c3b000 	D:\SoftWare\jdk8\jre\bin\java.dll
0x00007ff898880000 - 0x00007ff8988b0000 	D:\SoftWare\jdk8\jre\bin\instrument.dll
0x00007ff8a16f0000 - 0x00007ff8a1708000 	D:\SoftWare\jdk8\jre\bin\zip.dll
0x00007ff8a53a0000 - 0x00007ff8a5584000 	C:\Windows\SYSTEM32\dbghelp.dll
0x00007ff8a6fc0000 - 0x00007ff8a7042000 	C:\Windows\System32\bcryptPrimitives.dll

VM Arguments:
jvm_args: -javaagent:D:\SoftWare\IntelliJ IDEA 2021.2\lib\idea_rt.jar=52559:D:\SoftWare\IntelliJ IDEA 2021.2\bin -Dfile.encoding=UTF-8 
java_command: com.java.sjq.base.classInitOrder.Main
java_class_path (initial): D:\SoftWare\jdk8\jre\lib\charsets.jar;D:\SoftWare\jdk8\jre\lib\deploy.jar;D:\SoftWare\jdk8\jre\lib\ext\access-bridge-64.jar;D:\SoftWare\jdk8\jre\lib\ext\cldrdata.jar;D:\SoftWare\jdk8\jre\lib\ext\dnsns.jar;D:\SoftWare\jdk8\jre\lib\ext\jaccess.jar;D:\SoftWare\jdk8\jre\lib\ext\jfxrt.jar;D:\SoftWare\jdk8\jre\lib\ext\localedata.jar;D:\SoftWare\jdk8\jre\lib\ext\nashorn.jar;D:\SoftWare\jdk8\jre\lib\ext\sunec.jar;D:\SoftWare\jdk8\jre\lib\ext\sunjce_provider.jar;D:\SoftWare\jdk8\jre\lib\ext\sunmscapi.jar;D:\SoftWare\jdk8\jre\lib\ext\sunpkcs11.jar;D:\SoftWare\jdk8\jre\lib\ext\zipfs.jar;D:\SoftWare\jdk8\jre\lib\javaws.jar;D:\SoftWare\jdk8\jre\lib\jce.jar;D:\SoftWare\jdk8\jre\lib\jfr.jar;D:\SoftWare\jdk8\jre\lib\jfxswt.jar;D:\SoftWare\jdk8\jre\lib\jsse.jar;D:\SoftWare\jdk8\jre\lib\management-agent.jar;D:\SoftWare\jdk8\jre\lib\plugin.jar;D:\SoftWare\jdk8\jre\lib\resources.jar;D:\SoftWare\jdk8\jre\lib\rt.jar;C:\Users\sunupo\IdeaProjects\JavaStudy\target\classes;C:\Users\sunupo\.m2\repository\junit\junit\4.11\junit-4.11.jar;C:\Users\sunupo\.m2\repository\org\hamcrest\hamcrest-core\1.3\hamcrest-core-1.3.jar;C:\Users\sunupo\.m2\repository\ch\qos\logback\logback-classic\1.1.1\logback-classic-1.1.1.jar;C:\Users\sunupo\.m2\repository\ch\qos\logback\logback-core\1.1.1\logback-core-1.1.1.jar;C:\Users\sunupo\.m2\repository\org\slf4j\slf4j-api\1.7.6\slf4j-api-1.7.6.jar;C:\Users\sunupo\.m2\repository\mysql\mysql-connector-java\8.0.28\mysql-connector-java-8.0.28.jar;C:\Users\sunupo\.m2\repository\com\google\protobuf\protobuf-java\3.11.4\protobuf-java-3.11.4.jar;C:\Users\sunupo\.m2\repository\c3p0\c3p0\0.9.1.2\c3p0-0.9.1.2.jar;C:\Users\sunupo\.m2\repository\org\mybatis\mybatis\3.3.0\mybatis-3.3.0.jar;C:\Users\sunupo\.m2\repository\org\mybatis\mybatis-spring\1.2.3\mybatis-spring-1.2.3.jar;C:\Users\sunupo\.m2\repository\taglibs\standard\1.1.2\standard-1.1.2.jar;C:\Users\sunupo\.m2\repository\jstl\jstl\1.2\jstl-1.2.jar;C:\Users\sunupo\.m2\repository\com\fasterxml\jac
Launcher Type: SUN_STANDARD

Environment Variables:
PATH=D:\SoftWare\VMware\VMwareWorkstation\bin\;C:\Program Files (x86)\Common Files\Oracle\Java\javapath;D:\SoftWare\xftp\;C:\Windows\system32;C:\Windows;C:\Windows\System32\Wbem;C:\Windows\System32\WindowsPowerShell\v1.0\;C:\Windows\System32\OpenSSH\;C:\Program Files\NVIDIA Corporation\NVIDIA NvDLISR;D:\SoftWare\Git\cmd;D:\SoftWare\xshell\Xftp 7\;D:\SoftWare\xshell\;D:\SoftWare\mingw64\bin;C:\Program Files\MySQL\MySQL Shell 8.0\bin\;C:\Users\sunupo\AppData\Local\Microsoft\WindowsApps;;D:\SoftWare\PyCharm\bin;;D:\SoftWare\Bandizip\;D:\SoftWare\texlive\2020\bin\win32;D:\SOftWare\JetBrains\CLion 2021.2.1\bin;
USERNAME=sunupo
OS=Windows_NT
PROCESSOR_IDENTIFIER=Intel64 Family 6 Model 140 Stepping 1, GenuineIntel



---------------  S Y S T E M  ---------------

OS: Windows 10.0 , 64 bit Build 19041 (10.0.19041.2251)

CPU:total 8 (initial active 8) (4 cores per cpu, 2 threads per core) family 6 model 140 stepping 1, cmov, cx8, fxsr, mmx, sse, sse2, sse3, ssse3, sse4.1, sse4.2, popcnt, avx, avx2, aes, clmul, erms, 3dnowpref, lzcnt, ht, tsc, tscinvbit, bmi1, bmi2, adx

Memory: 4k page, physical 16555320k(6578240k free), swap 20749624k(5128k free)

vm_info: Java HotSpot(TM) 64-Bit Server VM (25.301-b09) for windows-amd64 JRE (1.8.0_301-b09), built on Jun  9 2021 06:46:21 by "java_re" with MS VC++ 15.9 (VS2017)

time: Wed Dec  7 20:52:38 2022
timezone: 中国标准时间
elapsed time: 0.031675 seconds (0d 0h 0m 0s)

